Using pre-set license
Built from '2020.3/staging' branch; Version is '2020.3.13f1 (71691879b7f5) revision 7432472'; Using compiler version '192528614'; Build Type 'Release'
OS: 'Windows 10 Pro; OS build 19043.1165; Version 2009; 64bit' Language: 'en' Physical Memory: 16318 MB
BatchMode: 1, IsHumanControllingUs: 0, StartBugReporterOnCrash: 0, Is64bit: 1, IsPro: 0

 COMMAND LINE ARGUMENTS:
D:\Unity (Programming)\Unity\2020.3.8f1\Editor\Unity.exe
-adb2
-batchMode
-noUpm
-name
AssetImportWorker0
-projectPath
D:/Unity (Programming)/My Projects/Practice/Happy Hour
-logFile
Logs/AssetImportWorker0.log
-srvPort
65507
Successfully changed project path to: D:/Unity (Programming)/My Projects/Practice/Happy Hour
D:/Unity (Programming)/My Projects/Practice/Happy Hour
Using Asset Import Pipeline V2.
Refreshing native plugins compatible for Editor in 41.42 ms, found 2 plugins.
Preloading 0 native plugins for Editor in 0.00 ms.
Initialize engine version: 2020.3.13f1 (71691879b7f5)
[Subsystems] Discovering subsystems at path D:/Unity (Programming)/Unity/2020.3.8f1/Editor/Data/Resources/UnitySubsystems
[Subsystems] Discovering subsystems at path D:/Unity (Programming)/My Projects/Practice/Happy Hour/Assets
GfxDevice: creating device client; threaded=0
Direct3D:
    Version:  Direct3D 11.0 [level 11.1]
    Renderer: NVIDIA GeForce GTX 1060 6GB (ID=0x1c03)
    Vendor:   
    VRAM:     6052 MB
    Driver:   27.21.14.6172
Initialize mono
Mono path[0] = 'D:/Unity (Programming)/Unity/2020.3.8f1/Editor/Data/Managed'
Mono path[1] = 'D:/Unity (Programming)/Unity/2020.3.8f1/Editor/Data/MonoBleedingEdge/lib/mono/unityjit'
Mono config path = 'D:/Unity (Programming)/Unity/2020.3.8f1/Editor/Data/MonoBleedingEdge/etc'
Using monoOptions --debugger-agent=transport=dt_socket,embedding=1,server=y,suspend=n,address=127.0.0.1:56244
Begin MonoManager ReloadAssembly
Registering precompiled unity dll's ...
Register platform support module: D:/Unity (Programming)/Unity/2020.3.8f1/Editor/Data/PlaybackEngines/WindowsStandaloneSupport/UnityEditor.WindowsStandalone.Extensions.dll
Registered in 0.001375 seconds.
Native extension for WindowsStandalone target not found
Refreshing native plugins compatible for Editor in 40.34 ms, found 2 plugins.
Preloading 0 native plugins for Editor in 0.00 ms.
Mono: successfully reloaded assembly
- Completed reload, in  1.079 seconds
Platform modules already initialized, skipping
Registering precompiled user dll's ...
Registered in 0.003285 seconds.
Begin MonoManager ReloadAssembly
Native extension for WindowsStandalone target not found
Refreshing native plugins compatible for Editor in 0.43 ms, found 2 plugins.
Preloading 0 native plugins for Editor in 0.00 ms.
Mono: successfully reloaded assembly
- Completed reload, in  1.203 seconds
Platform modules already initialized, skipping
========================================================================
Worker process is ready to serve import requests
Launched and connected shader compiler UnityShaderCompiler.exe after 0.05 seconds
Refreshing native plugins compatible for Editor in 0.42 ms, found 2 plugins.
Preloading 0 native plugins for Editor in 0.00 ms.
Unloading 1409 Unused Serialized files (Serialized files now loaded: 0)
System memory in use before: 68.5 MB.
System memory in use after: 68.6 MB.

Unloading 18 unused Assets to reduce memory usage. Loaded Objects now: 1849.
Total: 2.164500 ms (FindLiveObjects: 0.176900 ms CreateObjectMapping: 0.039000 ms MarkObjects: 1.871500 ms  DeleteObjects: 0.076100 ms)

AssetImportParameters requested are different than current active one (requested -> active):
  custom:framework-win-MediaFoundation: 216162199b28c13a410421893ffa2e32 -> 
  custom:video-decoder-ogg-theora: a1e56fd34408186e4bbccfd4996cb3dc -> 
  custom:container-muxer-webm: aa71ff27fc2769a1b78a27578f13a17b -> 
  custom:container-demuxer-webm: 4f35f7cbe854078d1ac9338744f61a02 -> 
  custom:container-demuxer-ogg: 62fdf1f143b41e24485cea50d1cbac27 -> 
  custom:video-encoder-webm-vp8: eb34c28f22e8b96e1ab97ce403110664 -> 
  custom:video-decoder-webm-vp8: 9c59270c3fd7afecdb556c50c9e8de78 -> 
  custom:audio-decoder-ogg-vorbis: bf7c407c2cedff20999df2af8eb42d56 -> 
  custom:audio-encoder-webm-vorbis: bf7c407c2cedff20999df2af8eb42d56 -> 
========================================================================
Received Import Request.
  path: Assets/Scenes/SecondLevel.unity
  artifactKey: Guid(3ade6afa3a617d046bbd0649a727cf1b) Importer(815301076,1909f56bfc062723c751e8b465ee728b)
Start importing Assets/Scenes/SecondLevel.unity using Guid(3ade6afa3a617d046bbd0649a727cf1b) Importer(815301076,1909f56bfc062723c751e8b465ee728b)  -> (artifact id: '0ad2e7f6b380a65e27e120494c02aced') in 0.022302 seconds 
  Import took 0.030751 seconds .

========================================================================
Received Import Request.
  Time since last request: 606.510156 seconds.
  path: Assets/Prefabs/InfoSign/Materials/InfoSign10.mat
  artifactKey: Guid(ee080199b795d8845b20059dade13708) Importer(815301076,1909f56bfc062723c751e8b465ee728b)
Start importing Assets/Prefabs/InfoSign/Materials/InfoSign10.mat using Guid(ee080199b795d8845b20059dade13708) Importer(815301076,1909f56bfc062723c751e8b465ee728b)  -> (artifact id: '7e2fba37a259fc3223f6d6ce61798569') in 0.135559 seconds 
  Import took 0.138356 seconds .

========================================================================
Received Import Request.
  Time since last request: 0.000185 seconds.
  path: Assets/Prefabs/InfoSign/Materials/InfoSign11.mat
  artifactKey: Guid(0b9fdbcd07d054f40942487fa561710f) Importer(815301076,1909f56bfc062723c751e8b465ee728b)
Start importing Assets/Prefabs/InfoSign/Materials/InfoSign11.mat using Guid(0b9fdbcd07d054f40942487fa561710f) Importer(815301076,1909f56bfc062723c751e8b465ee728b)  -> (artifact id: 'b6987834c8b3c7f3e388e7e98c721c43') in 0.008610 seconds 
  Import took 0.010970 seconds .

========================================================================
Received Import Request.
  Time since last request: 0.000206 seconds.
  path: Assets/Prefabs/InfoSign/Materials/InfoSign12.mat
  artifactKey: Guid(2ebb45267c6a79747bf1ba7b86e880ba) Importer(815301076,1909f56bfc062723c751e8b465ee728b)
Start importing Assets/Prefabs/InfoSign/Materials/InfoSign12.mat using Guid(2ebb45267c6a79747bf1ba7b86e880ba) Importer(815301076,1909f56bfc062723c751e8b465ee728b)  -> (artifact id: 'd5bbe8f797f5ee3ebc12832964dbe159') in 0.007378 seconds 
  Import took 0.036644 seconds .

========================================================================
Received Import Request.
  Time since last request: 0.000463 seconds.
  path: Assets/Prefabs/InfoSign/Materials/InfoSign11.mat
  artifactKey: Guid(0b9fdbcd07d054f40942487fa561710f) Importer(815301076,1909f56bfc062723c751e8b465ee728b)
Start importing Assets/Prefabs/InfoSign/Materials/InfoSign11.mat using Guid(0b9fdbcd07d054f40942487fa561710f) Importer(815301076,1909f56bfc062723c751e8b465ee728b)  -> (artifact id: 'b6987834c8b3c7f3e388e7e98c721c43') in 0.008309 seconds 
  Import took 0.011745 seconds .

========================================================================
Received Import Request.
  Time since last request: 0.000322 seconds.
  path: Assets/Prefabs/InfoSign/Materials/InfoSign12.mat
  artifactKey: Guid(2ebb45267c6a79747bf1ba7b86e880ba) Importer(815301076,1909f56bfc062723c751e8b465ee728b)
Start importing Assets/Prefabs/InfoSign/Materials/InfoSign12.mat using Guid(2ebb45267c6a79747bf1ba7b86e880ba) Importer(815301076,1909f56bfc062723c751e8b465ee728b)  -> (artifact id: 'd5bbe8f797f5ee3ebc12832964dbe159') in 0.007472 seconds 
  Import took 0.010708 seconds .

========================================================================
Received Import Request.
  Time since last request: 0.000235 seconds.
  path: Assets/Prefabs/InfoSign/Materials/InfoSign13.mat
  artifactKey: Guid(b77565de4270397438b51a658cb8ea7c) Importer(815301076,1909f56bfc062723c751e8b465ee728b)
Start importing Assets/Prefabs/InfoSign/Materials/InfoSign13.mat using Guid(b77565de4270397438b51a658cb8ea7c) Importer(815301076,1909f56bfc062723c751e8b465ee728b)  -> (artifact id: 'ce896d54216e85cf0fd9161ece33fff0') in 0.007760 seconds 
  Import took 0.010315 seconds .

========================================================================
Received Import Request.
  Time since last request: 0.000285 seconds.
  path: Assets/Prefabs/InfoSign/Materials/InfoSign10.mat
  artifactKey: Guid(ee080199b795d8845b20059dade13708) Importer(815301076,1909f56bfc062723c751e8b465ee728b)
Start importing Assets/Prefabs/InfoSign/Materials/InfoSign10.mat using Guid(ee080199b795d8845b20059dade13708) Importer(815301076,1909f56bfc062723c751e8b465ee728b)  -> (artifact id: '7e2fba37a259fc3223f6d6ce61798569') in 0.007509 seconds 
  Import took 0.010129 seconds .

========================================================================
Received Import Request.
  Time since last request: 0.000189 seconds.
  path: Assets/Prefabs/InfoSign/Materials/InfoSign14.mat
  artifactKey: Guid(2eab73ea71de9a74881530530496464e) Importer(815301076,1909f56bfc062723c751e8b465ee728b)
Start importing Assets/Prefabs/InfoSign/Materials/InfoSign14.mat using Guid(2eab73ea71de9a74881530530496464e) Importer(815301076,1909f56bfc062723c751e8b465ee728b)  -> (artifact id: 'ec612f4250c6f9bc581f60bd06ffe74d') in 0.038940 seconds 
  Import took 0.041526 seconds .

========================================================================
Received Import Request.
  Time since last request: 4.160446 seconds.
  path: Assets/Prefabs/InfoSign/Materials/HelpSign15.jpg
  artifactKey: Guid(a85d54efb3bc9bf4eb07e9b3345eefc3) Importer(815301076,1909f56bfc062723c751e8b465ee728b)
Start importing Assets/Prefabs/InfoSign/Materials/HelpSign15.jpg using Guid(a85d54efb3bc9bf4eb07e9b3345eefc3) Importer(815301076,1909f56bfc062723c751e8b465ee728b)  -> (artifact id: '1b38a108a67218f02daf87cf7b7630b5') in 0.047956 seconds 
  Import took 0.050704 seconds .

========================================================================
Received Import Request.
  Time since last request: 0.000246 seconds.
  path: Assets/Prefabs/InfoSign/Materials/HelpSign17.jpg
  artifactKey: Guid(136654dd3669354428059c02a6147379) Importer(815301076,1909f56bfc062723c751e8b465ee728b)
Start importing Assets/Prefabs/InfoSign/Materials/HelpSign17.jpg using Guid(136654dd3669354428059c02a6147379) Importer(815301076,1909f56bfc062723c751e8b465ee728b)  -> (artifact id: '87183186f0f13de337f9216afc2c8b19') in 0.005305 seconds 
  Import took 0.007607 seconds .

========================================================================
Received Import Request.
  Time since last request: 0.000259 seconds.
  path: Assets/Prefabs/InfoSign/Materials/HelpSign16.jpg
  artifactKey: Guid(6360fab362822984ea38884e70139594) Importer(815301076,1909f56bfc062723c751e8b465ee728b)
Start importing Assets/Prefabs/InfoSign/Materials/HelpSign16.jpg using Guid(6360fab362822984ea38884e70139594) Importer(815301076,1909f56bfc062723c751e8b465ee728b)  -> (artifact id: '4b0ffe4fe19d87dd49a535370da32982') in 0.005353 seconds 
  Import took 0.025145 seconds .

========================================================================
Received Import Request.
  Time since last request: 9.567174 seconds.
  path: Assets/Prefabs/InfoSign/Materials/InfoSign15.mat
  artifactKey: Guid(a8b5813f7da557249b04c256dbf464f7) Importer(815301076,1909f56bfc062723c751e8b465ee728b)
Start importing Assets/Prefabs/InfoSign/Materials/InfoSign15.mat using Guid(a8b5813f7da557249b04c256dbf464f7) Importer(815301076,1909f56bfc062723c751e8b465ee728b)  -> (artifact id: 'e3977cb11ddd21af19e6238db5be9277') in 0.006204 seconds 
  Import took 0.008990 seconds .

========================================================================
Received Import Request.
  Time since last request: 5.864937 seconds.
  path: Assets/Prefabs/InfoSign/Materials/InfoSign16.mat
  artifactKey: Guid(751cb6dbcc4d75845b94f80c06d2769e) Importer(815301076,1909f56bfc062723c751e8b465ee728b)
Start importing Assets/Prefabs/InfoSign/Materials/InfoSign16.mat using Guid(751cb6dbcc4d75845b94f80c06d2769e) Importer(815301076,1909f56bfc062723c751e8b465ee728b)  -> (artifact id: '640ad472c0e507e676518ab97f9e36ed') in 0.006356 seconds 
  Import took 0.009116 seconds .

========================================================================
Received Import Request.
  Time since last request: 4.442865 seconds.
  path: Assets/Prefabs/InfoSign/Materials/InfoSign17.mat
  artifactKey: Guid(b7bcc9e034422c94d84f37f3906d0bda) Importer(815301076,1909f56bfc062723c751e8b465ee728b)
Start importing Assets/Prefabs/InfoSign/Materials/InfoSign17.mat using Guid(b7bcc9e034422c94d84f37f3906d0bda) Importer(815301076,1909f56bfc062723c751e8b465ee728b)  -> (artifact id: 'bf17cb3d451116106a0141e949df412b') in 0.006345 seconds 
  Import took 0.009214 seconds .

========================================================================
Received Import Request.
  Time since last request: 102.581074 seconds.
  path: Assets/Prefabs/InfoSign/Materials/HelpSign18.jpg
  artifactKey: Guid(2c05b4bd5c86e5a4091b2af3176bf977) Importer(815301076,1909f56bfc062723c751e8b465ee728b)
Start importing Assets/Prefabs/InfoSign/Materials/HelpSign18.jpg using Guid(2c05b4bd5c86e5a4091b2af3176bf977) Importer(815301076,1909f56bfc062723c751e8b465ee728b)  -> (artifact id: '6e3201997f50d1af44c194ec045b21ff') in 0.005358 seconds 
  Import took 0.008096 seconds .

========================================================================
Received Import Request.
  Time since last request: 1.984070 seconds.
  path: Assets/Prefabs/InfoSign/Materials/InfoSign15.mat
  artifactKey: Guid(a8b5813f7da557249b04c256dbf464f7) Importer(815301076,1909f56bfc062723c751e8b465ee728b)
Start importing Assets/Prefabs/InfoSign/Materials/InfoSign15.mat using Guid(a8b5813f7da557249b04c256dbf464f7) Importer(815301076,1909f56bfc062723c751e8b465ee728b)  -> (artifact id: '9fba849c0ef372ed358189fc7165ecf2') in 0.007484 seconds 
  Import took 0.015975 seconds .

========================================================================
Received Import Request.
  Time since last request: 0.000230 seconds.
  path: Assets/Prefabs/InfoSign/Materials/InfoSign17.mat
  artifactKey: Guid(b7bcc9e034422c94d84f37f3906d0bda) Importer(815301076,1909f56bfc062723c751e8b465ee728b)
Start importing Assets/Prefabs/InfoSign/Materials/InfoSign17.mat using Guid(b7bcc9e034422c94d84f37f3906d0bda) Importer(815301076,1909f56bfc062723c751e8b465ee728b)  -> (artifact id: 'dc473eab173102dbed5286a9f8847ecf') in 0.007052 seconds 
  Import took 0.009677 seconds .

========================================================================
Received Import Request.
  Time since last request: 0.000217 seconds.
  path: Assets/Prefabs/InfoSign/Materials/InfoSign16.mat
  artifactKey: Guid(751cb6dbcc4d75845b94f80c06d2769e) Importer(815301076,1909f56bfc062723c751e8b465ee728b)
Start importing Assets/Prefabs/InfoSign/Materials/InfoSign16.mat using Guid(751cb6dbcc4d75845b94f80c06d2769e) Importer(815301076,1909f56bfc062723c751e8b465ee728b)  -> (artifact id: '578745c285c5b27c8e1afb658051482d') in 0.007799 seconds 
  Import took 0.013208 seconds .

========================================================================
Received Import Request.
  Time since last request: 3.929760 seconds.
  path: Assets/Prefabs/InfoSign/Materials/InfoSign18.mat
  artifactKey: Guid(b7bcc9e034422c94d84f37f3906d0bda) Importer(815301076,1909f56bfc062723c751e8b465ee728b)
Start importing Assets/Prefabs/InfoSign/Materials/InfoSign18.mat using Guid(b7bcc9e034422c94d84f37f3906d0bda) Importer(815301076,1909f56bfc062723c751e8b465ee728b)  -> (artifact id: '0ed99f558b994579d00cd87193fa029e') in 0.007709 seconds 
  Import took 0.010928 seconds .

========================================================================
Received Import Request.
  Time since last request: 131.632497 seconds.
  path: Assets/Prefabs/InfoSign/Materials/HelpSign17.jpg
  artifactKey: Guid(136654dd3669354428059c02a6147379) Importer(815301076,1909f56bfc062723c751e8b465ee728b)
Start importing Assets/Prefabs/InfoSign/Materials/HelpSign17.jpg using Guid(136654dd3669354428059c02a6147379) Importer(815301076,1909f56bfc062723c751e8b465ee728b)  -> (artifact id: 'c90595ef9976c02bae0e0b81bfd2abab') in 0.006058 seconds 
  Import took 0.009079 seconds .

========================================================================
Received Import Request.
  Time since last request: 0.003621 seconds.
  path: Assets/Prefabs/InfoSign/Materials/HelpSign17.jpg
  artifactKey: Guid(136654dd3669354428059c02a6147379) Importer(815301076,1909f56bfc062723c751e8b465ee728b)
Start importing Assets/Prefabs/InfoSign/Materials/HelpSign17.jpg using Guid(136654dd3669354428059c02a6147379) Importer(815301076,1909f56bfc062723c751e8b465ee728b)  -> (artifact id: 'c90595ef9976c02bae0e0b81bfd2abab') in 0.005511 seconds 
  Import took 0.008333 seconds .

========================================================================
Received Import Request.
  Time since last request: 1.564932 seconds.
  path: Assets/Prefabs/InfoSign/Materials/HelpSign18.jpg
  artifactKey: Guid(2c05b4bd5c86e5a4091b2af3176bf977) Importer(815301076,1909f56bfc062723c751e8b465ee728b)
Start importing Assets/Prefabs/InfoSign/Materials/HelpSign18.jpg using Guid(2c05b4bd5c86e5a4091b2af3176bf977) Importer(815301076,1909f56bfc062723c751e8b465ee728b)  -> (artifact id: 'f867277f4d2e9c6a63eda73da06df4be') in 0.005288 seconds 
  Import took 0.008012 seconds .

========================================================================
Received Import Request.
  Time since last request: 0.003878 seconds.
  path: Assets/Prefabs/InfoSign/Materials/HelpSign18.jpg
  artifactKey: Guid(2c05b4bd5c86e5a4091b2af3176bf977) Importer(815301076,1909f56bfc062723c751e8b465ee728b)
Start importing Assets/Prefabs/InfoSign/Materials/HelpSign18.jpg using Guid(2c05b4bd5c86e5a4091b2af3176bf977) Importer(815301076,1909f56bfc062723c751e8b465ee728b)  -> (artifact id: 'f867277f4d2e9c6a63eda73da06df4be') in 0.006482 seconds 
  Import took 0.009313 seconds .

========================================================================
Received Import Request.
  Time since last request: 103.520257 seconds.
  path: Assets/Prefabs/InfoSign/Materials/HelpSign18.jpg
  artifactKey: Guid(2c05b4bd5c86e5a4091b2af3176bf977) Importer(815301076,1909f56bfc062723c751e8b465ee728b)
Start importing Assets/Prefabs/InfoSign/Materials/HelpSign18.jpg using Guid(2c05b4bd5c86e5a4091b2af3176bf977) Importer(815301076,1909f56bfc062723c751e8b465ee728b)  -> (artifact id: '05a4685a80549b89ad9e48eb4ecbfb9a') in 0.005448 seconds 
  Import took 0.008232 seconds .

========================================================================
Received Import Request.
  Time since last request: 0.003392 seconds.
  path: Assets/Prefabs/InfoSign/Materials/HelpSign18.jpg
  artifactKey: Guid(2c05b4bd5c86e5a4091b2af3176bf977) Importer(815301076,1909f56bfc062723c751e8b465ee728b)
Start importing Assets/Prefabs/InfoSign/Materials/HelpSign18.jpg using Guid(2c05b4bd5c86e5a4091b2af3176bf977) Importer(815301076,1909f56bfc062723c751e8b465ee728b)  -> (artifact id: '05a4685a80549b89ad9e48eb4ecbfb9a') in 0.004963 seconds 
  Import took 0.007747 seconds .

========================================================================
Received Prepare
Registering precompiled user dll's ...
Registered in 0.002897 seconds.
Begin MonoManager ReloadAssembly
Native extension for WindowsStandalone target not found
Refreshing native plugins compatible for Editor in 0.53 ms, found 2 plugins.
Preloading 0 native plugins for Editor in 0.00 ms.
Mono: successfully reloaded assembly
- Completed reload, in  1.094 seconds
Platform modules already initialized, skipping
Refreshing native plugins compatible for Editor in 0.48 ms, found 2 plugins.
Preloading 0 native plugins for Editor in 0.00 ms.
Unloading 1390 Unused Serialized files (Serialized files now loaded: 0)
System memory in use before: 70.4 MB.
System memory in use after: 70.5 MB.

Unloading 13 unused Assets to reduce memory usage. Loaded Objects now: 1892.
Total: 2.273300 ms (FindLiveObjects: 0.193100 ms CreateObjectMapping: 0.045600 ms MarkObjects: 2.015300 ms  DeleteObjects: 0.017800 ms)

AssetImportParameters requested are different than current active one (requested -> active):
  custom:framework-win-MediaFoundation: 216162199b28c13a410421893ffa2e32 -> 
  custom:video-decoder-ogg-theora: a1e56fd34408186e4bbccfd4996cb3dc -> 
  custom:container-muxer-webm: aa71ff27fc2769a1b78a27578f13a17b -> 
  custom:container-demuxer-webm: 4f35f7cbe854078d1ac9338744f61a02 -> 
  custom:container-demuxer-ogg: 62fdf1f143b41e24485cea50d1cbac27 -> 
  custom:video-encoder-webm-vp8: eb34c28f22e8b96e1ab97ce403110664 -> 
  custom:video-decoder-webm-vp8: 9c59270c3fd7afecdb556c50c9e8de78 -> 
  custom:audio-decoder-ogg-vorbis: bf7c407c2cedff20999df2af8eb42d56 -> 
  custom:audio-encoder-webm-vorbis: bf7c407c2cedff20999df2af8eb42d56 -> 
========================================================================
Received Import Request.
  Time since last request: 2415.366060 seconds.
  path: Assets/Prefabs/InfoSign/InfoSign (7).prefab
  artifactKey: Guid(8f64029ccbbcd36418e338d0eb9a5b4e) Importer(815301076,1909f56bfc062723c751e8b465ee728b)
Start importing Assets/Prefabs/InfoSign/InfoSign (7).prefab using Guid(8f64029ccbbcd36418e338d0eb9a5b4e) Importer(815301076,1909f56bfc062723c751e8b465ee728b)  -> (artifact id: '9905bf9a92bbbef9d41cdfc800c4c8ec') in 0.089414 seconds 
  Import took 0.092479 seconds .

========================================================================
Received Import Request.
  Time since last request: 22.710376 seconds.
  path: Assets/Prefabs/InfoSign/InfoSign.prefab
  artifactKey: Guid(8f64029ccbbcd36418e338d0eb9a5b4e) Importer(815301076,1909f56bfc062723c751e8b465ee728b)
Start importing Assets/Prefabs/InfoSign/InfoSign.prefab using Guid(8f64029ccbbcd36418e338d0eb9a5b4e) Importer(815301076,1909f56bfc062723c751e8b465ee728b)  -> (artifact id: 'bee2b9b54d4b2e5db2f85a3676979dca') in 0.010622 seconds 
  Import took 0.013659 seconds .

========================================================================
Received Prepare
Registering precompiled user dll's ...
Registered in 0.003267 seconds.
Begin MonoManager ReloadAssembly
Native extension for WindowsStandalone target not found
Refreshing native plugins compatible for Editor in 0.48 ms, found 2 plugins.
Preloading 0 native plugins for Editor in 0.00 ms.
Mono: successfully reloaded assembly
- Completed reload, in  1.092 seconds
Platform modules already initialized, skipping
Refreshing native plugins compatible for Editor in 0.44 ms, found 2 plugins.
Preloading 0 native plugins for Editor in 0.00 ms.
Unloading 1390 Unused Serialized files (Serialized files now loaded: 0)
System memory in use before: 70.5 MB.
System memory in use after: 70.6 MB.

Unloading 13 unused Assets to reduce memory usage. Loaded Objects now: 1897.
Total: 2.477100 ms (FindLiveObjects: 0.221800 ms CreateObjectMapping: 0.044300 ms MarkObjects: 2.189300 ms  DeleteObjects: 0.019700 ms)

AssetImportParameters requested are different than current active one (requested -> active):
  custom:framework-win-MediaFoundation: 216162199b28c13a410421893ffa2e32 -> 
  custom:video-decoder-ogg-theora: a1e56fd34408186e4bbccfd4996cb3dc -> 
  custom:container-muxer-webm: aa71ff27fc2769a1b78a27578f13a17b -> 
  custom:container-demuxer-webm: 4f35f7cbe854078d1ac9338744f61a02 -> 
  custom:container-demuxer-ogg: 62fdf1f143b41e24485cea50d1cbac27 -> 
  custom:video-encoder-webm-vp8: eb34c28f22e8b96e1ab97ce403110664 -> 
  custom:video-decoder-webm-vp8: 9c59270c3fd7afecdb556c50c9e8de78 -> 
  custom:audio-decoder-ogg-vorbis: bf7c407c2cedff20999df2af8eb42d56 -> 
  custom:audio-encoder-webm-vorbis: bf7c407c2cedff20999df2af8eb42d56 -> 
========================================================================
Received Import Request.
  Time since last request: 572.327402 seconds.
  path: Assets/Prefabs/InfoSign/Materials/InfoSign17.mat
  artifactKey: Guid(f46914d6ff74a1c49b5690e6dc1e3005) Importer(815301076,1909f56bfc062723c751e8b465ee728b)
Start importing Assets/Prefabs/InfoSign/Materials/InfoSign17.mat using Guid(f46914d6ff74a1c49b5690e6dc1e3005) Importer(815301076,1909f56bfc062723c751e8b465ee728b)  -> (artifact id: '03715f52f2ab78f7e9ff9c330ac6bdee') in 0.068105 seconds 
  Import took 0.071093 seconds .

========================================================================
Received Prepare
Registering precompiled user dll's ...
Registered in 0.002932 seconds.
Begin MonoManager ReloadAssembly
Native extension for WindowsStandalone target not found
Refreshing native plugins compatible for Editor in 0.46 ms, found 2 plugins.
Preloading 0 native plugins for Editor in 0.00 ms.
Mono: successfully reloaded assembly
- Completed reload, in  1.092 seconds
Platform modules already initialized, skipping
Refreshing native plugins compatible for Editor in 0.42 ms, found 2 plugins.
Preloading 0 native plugins for Editor in 0.00 ms.
Unloading 1390 Unused Serialized files (Serialized files now loaded: 0)
System memory in use before: 70.5 MB.
System memory in use after: 70.6 MB.

Unloading 13 unused Assets to reduce memory usage. Loaded Objects now: 1900.
Total: 2.059000 ms (FindLiveObjects: 0.160900 ms CreateObjectMapping: 0.040100 ms MarkObjects: 1.841800 ms  DeleteObjects: 0.015300 ms)

AssetImportParameters requested are different than current active one (requested -> active):
  custom:framework-win-MediaFoundation: 216162199b28c13a410421893ffa2e32 -> 
  custom:video-decoder-ogg-theora: a1e56fd34408186e4bbccfd4996cb3dc -> 
  custom:container-muxer-webm: aa71ff27fc2769a1b78a27578f13a17b -> 
  custom:container-demuxer-webm: 4f35f7cbe854078d1ac9338744f61a02 -> 
  custom:container-demuxer-ogg: 62fdf1f143b41e24485cea50d1cbac27 -> 
  custom:video-encoder-webm-vp8: eb34c28f22e8b96e1ab97ce403110664 -> 
  custom:video-decoder-webm-vp8: 9c59270c3fd7afecdb556c50c9e8de78 -> 
  custom:audio-decoder-ogg-vorbis: bf7c407c2cedff20999df2af8eb42d56 -> 
  custom:audio-encoder-webm-vorbis: bf7c407c2cedff20999df2af8eb42d56 -> 
========================================================================
Received Import Request.
  Time since last request: 256.766207 seconds.
  path: Assets/Prefabs/Hammer
  artifactKey: Guid(5ac474c12eb5a554088272c4a58cddf7) Importer(815301076,1909f56bfc062723c751e8b465ee728b)
Start importing Assets/Prefabs/Hammer using Guid(5ac474c12eb5a554088272c4a58cddf7) Importer(815301076,1909f56bfc062723c751e8b465ee728b)  -> (artifact id: '4507b311d0cfe407e26cd9af072f8245') in 0.004189 seconds 
  Import took 0.006692 seconds .

========================================================================
Received Import Request.
  Time since last request: 49.265460 seconds.
  path: Assets/Prefabs/Hammer/hammer.blend
  artifactKey: Guid(fe220d6fc3cf8514984934cebacee03d) Importer(815301076,1909f56bfc062723c751e8b465ee728b)
Start importing Assets/Prefabs/Hammer/hammer.blend using Guid(fe220d6fc3cf8514984934cebacee03d) Importer(815301076,1909f56bfc062723c751e8b465ee728b)  -> (artifact id: '3b83aba86752e4c4894bd9cf6368042a') in 0.142847 seconds 
  Import took 0.145772 seconds .

========================================================================
Received Import Request.
  Time since last request: 9.346991 seconds.
  path: Assets/Prefabs/Hammer/concrete_floor.jpg
  artifactKey: Guid(4df9ad051653674488f4f6fe0dfc936d) Importer(815301076,1909f56bfc062723c751e8b465ee728b)
Start importing Assets/Prefabs/Hammer/concrete_floor.jpg using Guid(4df9ad051653674488f4f6fe0dfc936d) Importer(815301076,1909f56bfc062723c751e8b465ee728b)  -> (artifact id: 'd65381ac8b80a981a6489061b7b0cc09') in 0.013064 seconds 
  Import took 0.016030 seconds .

========================================================================
Received Import Request.
  Time since last request: 0.000198 seconds.
  path: Assets/Prefabs/Hammer/wood_texture.jpg
  artifactKey: Guid(b1ce024559e103343bc90d196208a2a7) Importer(815301076,1909f56bfc062723c751e8b465ee728b)
Start importing Assets/Prefabs/Hammer/wood_texture.jpg using Guid(b1ce024559e103343bc90d196208a2a7) Importer(815301076,1909f56bfc062723c751e8b465ee728b)  -> (artifact id: '0e9ea31b6e952b953b45a98bfbba6ba6') in 0.005779 seconds 
  Import took 0.008152 seconds .

========================================================================
Received Import Request.
  Time since last request: 0.000229 seconds.
  path: Assets/Prefabs/Hammer/hammer.blend
  artifactKey: Guid(fe220d6fc3cf8514984934cebacee03d) Importer(815301076,1909f56bfc062723c751e8b465ee728b)
Start importing Assets/Prefabs/Hammer/hammer.blend using Guid(fe220d6fc3cf8514984934cebacee03d) Importer(815301076,1909f56bfc062723c751e8b465ee728b)  -> (artifact id: '0160756b567eeda599ec20786f252848') in 0.032444 seconds 
  Import took 0.034825 seconds .

========================================================================
Received Import Request.
  Time since last request: 144.361541 seconds.
  path: Assets/Prefabs/Hammer/Materials
  artifactKey: Guid(9e1a6dbacba01a64d9e67fa4230dd1bf) Importer(815301076,1909f56bfc062723c751e8b465ee728b)
Start importing Assets/Prefabs/Hammer/Materials using Guid(9e1a6dbacba01a64d9e67fa4230dd1bf) Importer(815301076,1909f56bfc062723c751e8b465ee728b)  -> (artifact id: '3816f2728fd80b898bea49b59c570c20') in 0.001615 seconds 
  Import took 0.004437 seconds .

========================================================================
Received Import Request.
  Time since last request: 66.507433 seconds.
  path: Assets/Prefabs/Hammer/Animations
  artifactKey: Guid(98fe75a834f42fa4e858c1e01ed13055) Importer(815301076,1909f56bfc062723c751e8b465ee728b)
Start importing Assets/Prefabs/Hammer/Animations using Guid(98fe75a834f42fa4e858c1e01ed13055) Importer(815301076,1909f56bfc062723c751e8b465ee728b)  -> (artifact id: '3873c5004ae2f8e7a296a1eb138a75db') in 0.001454 seconds 
  Import took 0.004152 seconds .

========================================================================
Received Import Request.
  Time since last request: 0.000363 seconds.
  path: Assets/Prefabs/Hammer/Animations
  artifactKey: Guid(98fe75a834f42fa4e858c1e01ed13055) Importer(815301076,1909f56bfc062723c751e8b465ee728b)
Start importing Assets/Prefabs/Hammer/Animations using Guid(98fe75a834f42fa4e858c1e01ed13055) Importer(815301076,1909f56bfc062723c751e8b465ee728b)  -> (artifact id: '3873c5004ae2f8e7a296a1eb138a75db') in 0.001391 seconds 
  Import took 0.003698 seconds .

========================================================================
Received Import Request.
  Time since last request: 17.491389 seconds.
  path: Assets/Prefabs/Hammer/Animations/HammerAnimatorController.controller
  artifactKey: Guid(5643aa58ddc68dd4182b57211338da94) Importer(815301076,1909f56bfc062723c751e8b465ee728b)
Start importing Assets/Prefabs/Hammer/Animations/HammerAnimatorController.controller using Guid(5643aa58ddc68dd4182b57211338da94) Importer(815301076,1909f56bfc062723c751e8b465ee728b)  -> (artifact id: '93aee759e35f41d88ad5edcb3b66f4bb') in 0.005019 seconds 
  Import took 0.007877 seconds .

========================================================================
Received Import Request.
  Time since last request: 0.000697 seconds.
  path: Assets/Prefabs/Hammer/Animations/HammerAnimatorController.controller
  artifactKey: Guid(5643aa58ddc68dd4182b57211338da94) Importer(815301076,1909f56bfc062723c751e8b465ee728b)
Start importing Assets/Prefabs/Hammer/Animations/HammerAnimatorController.controller using Guid(5643aa58ddc68dd4182b57211338da94) Importer(815301076,1909f56bfc062723c751e8b465ee728b)  -> (artifact id: '93aee759e35f41d88ad5edcb3b66f4bb') in 0.001904 seconds 
  Import took 0.004574 seconds .

========================================================================
Received Import Request.
  Time since last request: 9.624901 seconds.
  path: Assets/Prefabs/Hammer/Animations/HammerAnimation.anim
  artifactKey: Guid(aa99caf0bdf759546af1f803c9b3b48c) Importer(815301076,1909f56bfc062723c751e8b465ee728b)
Start importing Assets/Prefabs/Hammer/Animations/HammerAnimation.anim using Guid(aa99caf0bdf759546af1f803c9b3b48c) Importer(815301076,1909f56bfc062723c751e8b465ee728b)  -> (artifact id: 'dbd40d1f0f5f755e746de18c86d8d72d') in 0.003811 seconds 
  Import took 0.006709 seconds .

========================================================================
Received Import Request.
  Time since last request: 0.001051 seconds.
  path: Assets/Prefabs/Hammer/Animations/HammerAnimation.anim
  artifactKey: Guid(aa99caf0bdf759546af1f803c9b3b48c) Importer(815301076,1909f56bfc062723c751e8b465ee728b)
Start importing Assets/Prefabs/Hammer/Animations/HammerAnimation.anim using Guid(aa99caf0bdf759546af1f803c9b3b48c) Importer(815301076,1909f56bfc062723c751e8b465ee728b)  -> (artifact id: 'dbd40d1f0f5f755e746de18c86d8d72d') in 0.002626 seconds 
  Import took 0.005386 seconds .

========================================================================
Received Import Request.
  Time since last request: 85.190695 seconds.
  path: Assets/Prefabs/Donut/Animations/DonutAnimation.anim
  artifactKey: Guid(024ac3605b69b8041b88fd8aff070bcb) Importer(815301076,1909f56bfc062723c751e8b465ee728b)
Start importing Assets/Prefabs/Donut/Animations/DonutAnimation.anim using Guid(024ac3605b69b8041b88fd8aff070bcb) Importer(815301076,1909f56bfc062723c751e8b465ee728b)  -> (artifact id: 'da8e1223d8e84b5f7bc5624ac7bc9432') in 0.002414 seconds 
  Import took 0.005079 seconds .

========================================================================
Received Import Request.
  Time since last request: 0.014641 seconds.
  path: Assets/Prefabs/Donut/Animations/DonutAnimation.anim
  artifactKey: Guid(024ac3605b69b8041b88fd8aff070bcb) Importer(815301076,1909f56bfc062723c751e8b465ee728b)
Start importing Assets/Prefabs/Donut/Animations/DonutAnimation.anim using Guid(024ac3605b69b8041b88fd8aff070bcb) Importer(815301076,1909f56bfc062723c751e8b465ee728b)  -> (artifact id: 'da8e1223d8e84b5f7bc5624ac7bc9432') in 0.002204 seconds 
  Import took 0.005192 seconds .

========================================================================
Received Import Request.
  Time since last request: 139.072313 seconds.
  path: Assets/Prefabs/Hammer/HammerScript.cs
  artifactKey: Guid(5872007dc2ba62c45ad17f4507bd95ca) Importer(815301076,1909f56bfc062723c751e8b465ee728b)
Start importing Assets/Prefabs/Hammer/HammerScript.cs using Guid(5872007dc2ba62c45ad17f4507bd95ca) Importer(815301076,1909f56bfc062723c751e8b465ee728b)  -> (artifact id: 'cd901f0c5ae6d58210a8dc5e6b267c81') in 0.071385 seconds 
  Import took 0.074199 seconds .

========================================================================
Received Prepare
Registering precompiled user dll's ...
Registered in 0.002768 seconds.
Begin MonoManager ReloadAssembly
Native extension for WindowsStandalone target not found
Refreshing native plugins compatible for Editor in 0.43 ms, found 2 plugins.
Preloading 0 native plugins for Editor in 0.00 ms.
Mono: successfully reloaded assembly
- Completed reload, in  1.099 seconds
Platform modules already initialized, skipping
Refreshing native plugins compatible for Editor in 0.43 ms, found 2 plugins.
Preloading 0 native plugins for Editor in 0.00 ms.
Unloading 1391 Unused Serialized files (Serialized files now loaded: 0)
System memory in use before: 70.7 MB.
System memory in use after: 70.8 MB.

Unloading 13 unused Assets to reduce memory usage. Loaded Objects now: 1908.
Total: 2.107700 ms (FindLiveObjects: 0.194900 ms CreateObjectMapping: 0.047100 ms MarkObjects: 1.847900 ms  DeleteObjects: 0.016400 ms)

AssetImportParameters requested are different than current active one (requested -> active):
  custom:framework-win-MediaFoundation: 216162199b28c13a410421893ffa2e32 -> 
  custom:video-decoder-ogg-theora: a1e56fd34408186e4bbccfd4996cb3dc -> 
  custom:container-muxer-webm: aa71ff27fc2769a1b78a27578f13a17b -> 
  custom:container-demuxer-webm: 4f35f7cbe854078d1ac9338744f61a02 -> 
  custom:container-demuxer-ogg: 62fdf1f143b41e24485cea50d1cbac27 -> 
  custom:video-encoder-webm-vp8: eb34c28f22e8b96e1ab97ce403110664 -> 
  custom:video-decoder-webm-vp8: 9c59270c3fd7afecdb556c50c9e8de78 -> 
  custom:audio-decoder-ogg-vorbis: bf7c407c2cedff20999df2af8eb42d56 -> 
  custom:audio-encoder-webm-vorbis: bf7c407c2cedff20999df2af8eb42d56 -> 
========================================================================
Received Import Request.
  Time since last request: 596.725871 seconds.
  path: Assets/Prefabs/Hammer/HammerScript.cs
  artifactKey: Guid(5872007dc2ba62c45ad17f4507bd95ca) Importer(815301076,1909f56bfc062723c751e8b465ee728b)
Start importing Assets/Prefabs/Hammer/HammerScript.cs using Guid(5872007dc2ba62c45ad17f4507bd95ca) Importer(815301076,1909f56bfc062723c751e8b465ee728b)  -> (artifact id: '77c6a46580b7344e91e7017cf9787a2b') in 0.006109 seconds 
  Import took 0.009199 seconds .

========================================================================
Received Import Request.
  Time since last request: 0.000473 seconds.
  path: Assets/Prefabs/Hammer/HammerScript.cs
  artifactKey: Guid(5872007dc2ba62c45ad17f4507bd95ca) Importer(815301076,1909f56bfc062723c751e8b465ee728b)
Start importing Assets/Prefabs/Hammer/HammerScript.cs using Guid(5872007dc2ba62c45ad17f4507bd95ca) Importer(815301076,1909f56bfc062723c751e8b465ee728b)  -> (artifact id: '77c6a46580b7344e91e7017cf9787a2b') in 0.001865 seconds 
  Import took 0.004609 seconds .

========================================================================
Received Import Request.
  Time since last request: 351.532113 seconds.
  path: Assets/TextMesh Pro
  artifactKey: Guid(f54d1bd14bd3ca042bd867b519fee8cc) Importer(815301076,1909f56bfc062723c751e8b465ee728b)
Start importing Assets/TextMesh Pro using Guid(f54d1bd14bd3ca042bd867b519fee8cc) Importer(815301076,1909f56bfc062723c751e8b465ee728b)  -> (artifact id: '16b4cbde9565bf190136f1148817e1ea') in 0.001772 seconds 
  Import took 0.004516 seconds .

========================================================================
Received Import Request.
  Time since last request: 8.390285 seconds.
  path: Assets/LevelMenager/Images/hammer.png
  artifactKey: Guid(d72df252bb01cba48816a4a1028d21e3) Importer(815301076,1909f56bfc062723c751e8b465ee728b)
Start importing Assets/LevelMenager/Images/hammer.png using Guid(d72df252bb01cba48816a4a1028d21e3) Importer(815301076,1909f56bfc062723c751e8b465ee728b)  -> (artifact id: '93c470b2415d0217c18cf9764432ff08') in 0.040509 seconds 
  Import took 0.043287 seconds .

========================================================================
Received Import Request.
  Time since last request: 10.675847 seconds.
  path: Assets/LevelMenager/Images/hammer.png
  artifactKey: Guid(d72df252bb01cba48816a4a1028d21e3) Importer(815301076,1909f56bfc062723c751e8b465ee728b)
Start importing Assets/LevelMenager/Images/hammer.png using Guid(d72df252bb01cba48816a4a1028d21e3) Importer(815301076,1909f56bfc062723c751e8b465ee728b)  -> (artifact id: '396be368fe93c377d447531155b8a124') in 0.025710 seconds 
  Import took 0.028652 seconds .

========================================================================
Received Prepare
Registering precompiled user dll's ...
Registered in 0.002846 seconds.
Begin MonoManager ReloadAssembly
Native extension for WindowsStandalone target not found
Refreshing native plugins compatible for Editor in 0.44 ms, found 2 plugins.
Preloading 0 native plugins for Editor in 0.00 ms.
Mono: successfully reloaded assembly
- Completed reload, in  1.113 seconds
Platform modules already initialized, skipping
Refreshing native plugins compatible for Editor in 0.46 ms, found 2 plugins.
Preloading 0 native plugins for Editor in 0.00 ms.
Unloading 1391 Unused Serialized files (Serialized files now loaded: 0)
System memory in use before: 70.7 MB.
System memory in use after: 70.8 MB.

Unloading 13 unused Assets to reduce memory usage. Loaded Objects now: 1914.
Total: 2.143400 ms (FindLiveObjects: 0.188700 ms CreateObjectMapping: 0.046200 ms MarkObjects: 1.888700 ms  DeleteObjects: 0.018300 ms)

AssetImportParameters requested are different than current active one (requested -> active):
  custom:framework-win-MediaFoundation: 216162199b28c13a410421893ffa2e32 -> 
  custom:video-decoder-ogg-theora: a1e56fd34408186e4bbccfd4996cb3dc -> 
  custom:container-muxer-webm: aa71ff27fc2769a1b78a27578f13a17b -> 
  custom:container-demuxer-webm: 4f35f7cbe854078d1ac9338744f61a02 -> 
  custom:container-demuxer-ogg: 62fdf1f143b41e24485cea50d1cbac27 -> 
  custom:video-encoder-webm-vp8: eb34c28f22e8b96e1ab97ce403110664 -> 
  custom:video-decoder-webm-vp8: 9c59270c3fd7afecdb556c50c9e8de78 -> 
  custom:audio-decoder-ogg-vorbis: bf7c407c2cedff20999df2af8eb42d56 -> 
  custom:audio-encoder-webm-vorbis: bf7c407c2cedff20999df2af8eb42d56 -> 
========================================================================
Received Prepare
Registering precompiled user dll's ...
Registered in 0.002794 seconds.
Begin MonoManager ReloadAssembly
Native extension for WindowsStandalone target not found
Refreshing native plugins compatible for Editor in 0.43 ms, found 2 plugins.
Preloading 0 native plugins for Editor in 0.00 ms.
Mono: successfully reloaded assembly
- Completed reload, in  1.085 seconds
Platform modules already initialized, skipping
Refreshing native plugins compatible for Editor in 0.43 ms, found 2 plugins.
Preloading 0 native plugins for Editor in 0.00 ms.
Unloading 1391 Unused Serialized files (Serialized files now loaded: 0)
System memory in use before: 70.7 MB.
System memory in use after: 70.9 MB.

Unloading 13 unused Assets to reduce memory usage. Loaded Objects now: 1916.
Total: 2.156200 ms (FindLiveObjects: 0.185800 ms CreateObjectMapping: 0.044500 ms MarkObjects: 1.902000 ms  DeleteObjects: 0.022800 ms)

AssetImportParameters requested are different than current active one (requested -> active):
  custom:framework-win-MediaFoundation: 216162199b28c13a410421893ffa2e32 -> 
  custom:video-decoder-ogg-theora: a1e56fd34408186e4bbccfd4996cb3dc -> 
  custom:container-muxer-webm: aa71ff27fc2769a1b78a27578f13a17b -> 
  custom:container-demuxer-webm: 4f35f7cbe854078d1ac9338744f61a02 -> 
  custom:container-demuxer-ogg: 62fdf1f143b41e24485cea50d1cbac27 -> 
  custom:video-encoder-webm-vp8: eb34c28f22e8b96e1ab97ce403110664 -> 
  custom:video-decoder-webm-vp8: 9c59270c3fd7afecdb556c50c9e8de78 -> 
  custom:audio-decoder-ogg-vorbis: bf7c407c2cedff20999df2af8eb42d56 -> 
  custom:audio-encoder-webm-vorbis: bf7c407c2cedff20999df2af8eb42d56 -> 
========================================================================
Received Prepare
Registering precompiled user dll's ...
Registered in 0.002974 seconds.
Begin MonoManager ReloadAssembly
Native extension for WindowsStandalone target not found
Refreshing native plugins compatible for Editor in 0.43 ms, found 2 plugins.
Preloading 0 native plugins for Editor in 0.00 ms.
Mono: successfully reloaded assembly
- Completed reload, in  1.085 seconds
Platform modules already initialized, skipping
Refreshing native plugins compatible for Editor in 0.46 ms, found 2 plugins.
Preloading 0 native plugins for Editor in 0.00 ms.
Unloading 1391 Unused Serialized files (Serialized files now loaded: 0)
System memory in use before: 70.8 MB.
System memory in use after: 70.9 MB.

Unloading 13 unused Assets to reduce memory usage. Loaded Objects now: 1918.
Total: 2.188900 ms (FindLiveObjects: 0.188000 ms CreateObjectMapping: 0.038500 ms MarkObjects: 1.943500 ms  DeleteObjects: 0.017600 ms)

AssetImportParameters requested are different than current active one (requested -> active):
  custom:framework-win-MediaFoundation: 216162199b28c13a410421893ffa2e32 -> 
  custom:video-decoder-ogg-theora: a1e56fd34408186e4bbccfd4996cb3dc -> 
  custom:container-muxer-webm: aa71ff27fc2769a1b78a27578f13a17b -> 
  custom:container-demuxer-webm: 4f35f7cbe854078d1ac9338744f61a02 -> 
  custom:container-demuxer-ogg: 62fdf1f143b41e24485cea50d1cbac27 -> 
  custom:video-encoder-webm-vp8: eb34c28f22e8b96e1ab97ce403110664 -> 
  custom:video-decoder-webm-vp8: 9c59270c3fd7afecdb556c50c9e8de78 -> 
  custom:audio-decoder-ogg-vorbis: bf7c407c2cedff20999df2af8eb42d56 -> 
  custom:audio-encoder-webm-vorbis: bf7c407c2cedff20999df2af8eb42d56 -> 
========================================================================
Received Prepare
Registering precompiled user dll's ...
Registered in 0.002805 seconds.
Begin MonoManager ReloadAssembly
Native extension for WindowsStandalone target not found
Refreshing native plugins compatible for Editor in 0.43 ms, found 2 plugins.
Preloading 0 native plugins for Editor in 0.00 ms.
Mono: successfully reloaded assembly
- Completed reload, in  1.099 seconds
Platform modules already initialized, skipping
Refreshing native plugins compatible for Editor in 0.44 ms, found 2 plugins.
Preloading 0 native plugins for Editor in 0.00 ms.
Unloading 1391 Unused Serialized files (Serialized files now loaded: 0)
System memory in use before: 70.8 MB.
System memory in use after: 70.9 MB.

Unloading 13 unused Assets to reduce memory usage. Loaded Objects now: 1920.
Total: 2.458800 ms (FindLiveObjects: 0.195500 ms CreateObjectMapping: 0.039000 ms MarkObjects: 2.205000 ms  DeleteObjects: 0.017800 ms)

AssetImportParameters requested are different than current active one (requested -> active):
  custom:framework-win-MediaFoundation: 216162199b28c13a410421893ffa2e32 -> 
  custom:video-decoder-ogg-theora: a1e56fd34408186e4bbccfd4996cb3dc -> 
  custom:container-muxer-webm: aa71ff27fc2769a1b78a27578f13a17b -> 
  custom:container-demuxer-webm: 4f35f7cbe854078d1ac9338744f61a02 -> 
  custom:container-demuxer-ogg: 62fdf1f143b41e24485cea50d1cbac27 -> 
  custom:video-encoder-webm-vp8: eb34c28f22e8b96e1ab97ce403110664 -> 
  custom:video-decoder-webm-vp8: 9c59270c3fd7afecdb556c50c9e8de78 -> 
  custom:audio-decoder-ogg-vorbis: bf7c407c2cedff20999df2af8eb42d56 -> 
  custom:audio-encoder-webm-vorbis: bf7c407c2cedff20999df2af8eb42d56 -> 
========================================================================
Received Prepare
Registering precompiled user dll's ...
Registered in 0.002861 seconds.
Begin MonoManager ReloadAssembly
Native extension for WindowsStandalone target not found
Refreshing native plugins compatible for Editor in 0.43 ms, found 2 plugins.
Preloading 0 native plugins for Editor in 0.00 ms.
Mono: successfully reloaded assembly
- Completed reload, in  1.080 seconds
Platform modules already initialized, skipping
Refreshing native plugins compatible for Editor in 0.45 ms, found 2 plugins.
Preloading 0 native plugins for Editor in 0.00 ms.
Unloading 1391 Unused Serialized files (Serialized files now loaded: 0)
System memory in use before: 70.8 MB.
System memory in use after: 70.9 MB.

Unloading 13 unused Assets to reduce memory usage. Loaded Objects now: 1922.
Total: 2.175400 ms (FindLiveObjects: 0.208600 ms CreateObjectMapping: 0.046000 ms MarkObjects: 1.901400 ms  DeleteObjects: 0.017800 ms)

AssetImportParameters requested are different than current active one (requested -> active):
  custom:framework-win-MediaFoundation: 216162199b28c13a410421893ffa2e32 -> 
  custom:video-decoder-ogg-theora: a1e56fd34408186e4bbccfd4996cb3dc -> 
  custom:container-muxer-webm: aa71ff27fc2769a1b78a27578f13a17b -> 
  custom:container-demuxer-webm: 4f35f7cbe854078d1ac9338744f61a02 -> 
  custom:container-demuxer-ogg: 62fdf1f143b41e24485cea50d1cbac27 -> 
  custom:video-encoder-webm-vp8: eb34c28f22e8b96e1ab97ce403110664 -> 
  custom:video-decoder-webm-vp8: 9c59270c3fd7afecdb556c50c9e8de78 -> 
  custom:audio-decoder-ogg-vorbis: bf7c407c2cedff20999df2af8eb42d56 -> 
  custom:audio-encoder-webm-vorbis: bf7c407c2cedff20999df2af8eb42d56 -> 
========================================================================
Received Prepare
Registering precompiled user dll's ...
Registered in 0.002830 seconds.
Begin MonoManager ReloadAssembly
Native extension for WindowsStandalone target not found
Refreshing native plugins compatible for Editor in 0.44 ms, found 2 plugins.
Preloading 0 native plugins for Editor in 0.00 ms.
Mono: successfully reloaded assembly
- Completed reload, in  1.076 seconds
Platform modules already initialized, skipping
Refreshing native plugins compatible for Editor in 0.64 ms, found 2 plugins.
Preloading 0 native plugins for Editor in 0.00 ms.
Unloading 1391 Unused Serialized files (Serialized files now loaded: 0)
System memory in use before: 70.8 MB.
System memory in use after: 70.9 MB.

Unloading 13 unused Assets to reduce memory usage. Loaded Objects now: 1924.
Total: 2.838400 ms (FindLiveObjects: 0.290800 ms CreateObjectMapping: 0.051100 ms MarkObjects: 2.455200 ms  DeleteObjects: 0.038900 ms)

AssetImportParameters requested are different than current active one (requested -> active):
  custom:framework-win-MediaFoundation: 216162199b28c13a410421893ffa2e32 -> 
  custom:video-decoder-ogg-theora: a1e56fd34408186e4bbccfd4996cb3dc -> 
  custom:container-muxer-webm: aa71ff27fc2769a1b78a27578f13a17b -> 
  custom:container-demuxer-webm: 4f35f7cbe854078d1ac9338744f61a02 -> 
  custom:container-demuxer-ogg: 62fdf1f143b41e24485cea50d1cbac27 -> 
  custom:video-encoder-webm-vp8: eb34c28f22e8b96e1ab97ce403110664 -> 
  custom:video-decoder-webm-vp8: 9c59270c3fd7afecdb556c50c9e8de78 -> 
  custom:audio-decoder-ogg-vorbis: bf7c407c2cedff20999df2af8eb42d56 -> 
  custom:audio-encoder-webm-vorbis: bf7c407c2cedff20999df2af8eb42d56 -> 
========================================================================
Received Prepare
Registering precompiled user dll's ...
Registered in 0.002815 seconds.
Begin MonoManager ReloadAssembly
Native extension for WindowsStandalone target not found
Refreshing native plugins compatible for Editor in 0.45 ms, found 2 plugins.
Preloading 0 native plugins for Editor in 0.00 ms.
Mono: successfully reloaded assembly
- Completed reload, in  1.088 seconds
Platform modules already initialized, skipping
Refreshing native plugins compatible for Editor in 0.46 ms, found 2 plugins.
Preloading 0 native plugins for Editor in 0.00 ms.
Unloading 1391 Unused Serialized files (Serialized files now loaded: 0)
System memory in use before: 70.8 MB.
System memory in use after: 70.9 MB.

Unloading 13 unused Assets to reduce memory usage. Loaded Objects now: 1926.
Total: 2.316100 ms (FindLiveObjects: 0.197100 ms CreateObjectMapping: 0.039700 ms MarkObjects: 2.060100 ms  DeleteObjects: 0.017700 ms)

AssetImportParameters requested are different than current active one (requested -> active):
  custom:framework-win-MediaFoundation: 216162199b28c13a410421893ffa2e32 -> 
  custom:video-decoder-ogg-theora: a1e56fd34408186e4bbccfd4996cb3dc -> 
  custom:container-muxer-webm: aa71ff27fc2769a1b78a27578f13a17b -> 
  custom:container-demuxer-webm: 4f35f7cbe854078d1ac9338744f61a02 -> 
  custom:container-demuxer-ogg: 62fdf1f143b41e24485cea50d1cbac27 -> 
  custom:video-encoder-webm-vp8: eb34c28f22e8b96e1ab97ce403110664 -> 
  custom:video-decoder-webm-vp8: 9c59270c3fd7afecdb556c50c9e8de78 -> 
  custom:audio-decoder-ogg-vorbis: bf7c407c2cedff20999df2af8eb42d56 -> 
  custom:audio-encoder-webm-vorbis: bf7c407c2cedff20999df2af8eb42d56 -> 
========================================================================
Received Prepare
Registering precompiled user dll's ...
Registered in 0.003055 seconds.
Begin MonoManager ReloadAssembly
Native extension for WindowsStandalone target not found
Refreshing native plugins compatible for Editor in 0.44 ms, found 2 plugins.
Preloading 0 native plugins for Editor in 0.00 ms.
Mono: successfully reloaded assembly
- Completed reload, in  1.113 seconds
Platform modules already initialized, skipping
Refreshing native plugins compatible for Editor in 0.44 ms, found 2 plugins.
Preloading 0 native plugins for Editor in 0.00 ms.
Unloading 1391 Unused Serialized files (Serialized files now loaded: 0)
System memory in use before: 70.8 MB.
System memory in use after: 70.9 MB.

Unloading 13 unused Assets to reduce memory usage. Loaded Objects now: 1928.
Total: 2.628300 ms (FindLiveObjects: 0.215000 ms CreateObjectMapping: 0.042900 ms MarkObjects: 2.344600 ms  DeleteObjects: 0.024100 ms)

AssetImportParameters requested are different than current active one (requested -> active):
  custom:framework-win-MediaFoundation: 216162199b28c13a410421893ffa2e32 -> 
  custom:video-decoder-ogg-theora: a1e56fd34408186e4bbccfd4996cb3dc -> 
  custom:container-muxer-webm: aa71ff27fc2769a1b78a27578f13a17b -> 
  custom:container-demuxer-webm: 4f35f7cbe854078d1ac9338744f61a02 -> 
  custom:container-demuxer-ogg: 62fdf1f143b41e24485cea50d1cbac27 -> 
  custom:video-encoder-webm-vp8: eb34c28f22e8b96e1ab97ce403110664 -> 
  custom:video-decoder-webm-vp8: 9c59270c3fd7afecdb556c50c9e8de78 -> 
  custom:audio-decoder-ogg-vorbis: bf7c407c2cedff20999df2af8eb42d56 -> 
  custom:audio-encoder-webm-vorbis: bf7c407c2cedff20999df2af8eb42d56 -> 
========================================================================
Received Prepare
Registering precompiled user dll's ...
Registered in 0.002856 seconds.
Begin MonoManager ReloadAssembly
Native extension for WindowsStandalone target not found
Refreshing native plugins compatible for Editor in 0.44 ms, found 2 plugins.
Preloading 0 native plugins for Editor in 0.00 ms.
Mono: successfully reloaded assembly
- Completed reload, in  1.113 seconds
Platform modules already initialized, skipping
Refreshing native plugins compatible for Editor in 0.44 ms, found 2 plugins.
Preloading 0 native plugins for Editor in 0.00 ms.
Unloading 1391 Unused Serialized files (Serialized files now loaded: 0)
System memory in use before: 70.8 MB.
System memory in use after: 70.9 MB.

Unloading 13 unused Assets to reduce memory usage. Loaded Objects now: 1930.
Total: 2.066900 ms (FindLiveObjects: 0.170600 ms CreateObjectMapping: 0.039700 ms MarkObjects: 1.838000 ms  DeleteObjects: 0.017300 ms)

AssetImportParameters requested are different than current active one (requested -> active):
  custom:framework-win-MediaFoundation: 216162199b28c13a410421893ffa2e32 -> 
  custom:video-decoder-ogg-theora: a1e56fd34408186e4bbccfd4996cb3dc -> 
  custom:container-muxer-webm: aa71ff27fc2769a1b78a27578f13a17b -> 
  custom:container-demuxer-webm: 4f35f7cbe854078d1ac9338744f61a02 -> 
  custom:container-demuxer-ogg: 62fdf1f143b41e24485cea50d1cbac27 -> 
  custom:video-encoder-webm-vp8: eb34c28f22e8b96e1ab97ce403110664 -> 
  custom:video-decoder-webm-vp8: 9c59270c3fd7afecdb556c50c9e8de78 -> 
  custom:audio-decoder-ogg-vorbis: bf7c407c2cedff20999df2af8eb42d56 -> 
  custom:audio-encoder-webm-vorbis: bf7c407c2cedff20999df2af8eb42d56 -> 
========================================================================
Received Prepare
Registering precompiled user dll's ...
Registered in 0.002940 seconds.
Begin MonoManager ReloadAssembly
Native extension for WindowsStandalone target not found
Refreshing native plugins compatible for Editor in 0.61 ms, found 2 plugins.
Preloading 0 native plugins for Editor in 0.00 ms.
Mono: successfully reloaded assembly
- Completed reload, in  1.129 seconds
Platform modules already initialized, skipping
Refreshing native plugins compatible for Editor in 0.43 ms, found 2 plugins.
Preloading 0 native plugins for Editor in 0.00 ms.
Unloading 1391 Unused Serialized files (Serialized files now loaded: 0)
System memory in use before: 70.8 MB.
System memory in use after: 70.9 MB.

Unloading 13 unused Assets to reduce memory usage. Loaded Objects now: 1932.
Total: 2.051700 ms (FindLiveObjects: 0.166800 ms CreateObjectMapping: 0.041400 ms MarkObjects: 1.822600 ms  DeleteObjects: 0.019400 ms)

AssetImportParameters requested are different than current active one (requested -> active):
  custom:framework-win-MediaFoundation: 216162199b28c13a410421893ffa2e32 -> 
  custom:video-decoder-ogg-theora: a1e56fd34408186e4bbccfd4996cb3dc -> 
  custom:container-muxer-webm: aa71ff27fc2769a1b78a27578f13a17b -> 
  custom:container-demuxer-webm: 4f35f7cbe854078d1ac9338744f61a02 -> 
  custom:container-demuxer-ogg: 62fdf1f143b41e24485cea50d1cbac27 -> 
  custom:video-encoder-webm-vp8: eb34c28f22e8b96e1ab97ce403110664 -> 
  custom:video-decoder-webm-vp8: 9c59270c3fd7afecdb556c50c9e8de78 -> 
  custom:audio-decoder-ogg-vorbis: bf7c407c2cedff20999df2af8eb42d56 -> 
  custom:audio-encoder-webm-vorbis: bf7c407c2cedff20999df2af8eb42d56 -> 
========================================================================
Received Prepare
Registering precompiled user dll's ...
Registered in 0.002760 seconds.
Begin MonoManager ReloadAssembly
Native extension for WindowsStandalone target not found
Refreshing native plugins compatible for Editor in 0.44 ms, found 2 plugins.
Preloading 0 native plugins for Editor in 0.00 ms.
Mono: successfully reloaded assembly
- Completed reload, in  1.076 seconds
Platform modules already initialized, skipping
Refreshing native plugins compatible for Editor in 0.43 ms, found 2 plugins.
Preloading 0 native plugins for Editor in 0.00 ms.
Unloading 1391 Unused Serialized files (Serialized files now loaded: 0)
System memory in use before: 70.8 MB.
System memory in use after: 70.9 MB.

Unloading 13 unused Assets to reduce memory usage. Loaded Objects now: 1934.
Total: 2.214100 ms (FindLiveObjects: 0.198700 ms CreateObjectMapping: 0.046300 ms MarkObjects: 1.950700 ms  DeleteObjects: 0.017200 ms)

AssetImportParameters requested are different than current active one (requested -> active):
  custom:framework-win-MediaFoundation: 216162199b28c13a410421893ffa2e32 -> 
  custom:video-decoder-ogg-theora: a1e56fd34408186e4bbccfd4996cb3dc -> 
  custom:container-muxer-webm: aa71ff27fc2769a1b78a27578f13a17b -> 
  custom:container-demuxer-webm: 4f35f7cbe854078d1ac9338744f61a02 -> 
  custom:container-demuxer-ogg: 62fdf1f143b41e24485cea50d1cbac27 -> 
  custom:video-encoder-webm-vp8: eb34c28f22e8b96e1ab97ce403110664 -> 
  custom:video-decoder-webm-vp8: 9c59270c3fd7afecdb556c50c9e8de78 -> 
  custom:audio-decoder-ogg-vorbis: bf7c407c2cedff20999df2af8eb42d56 -> 
  custom:audio-encoder-webm-vorbis: bf7c407c2cedff20999df2af8eb42d56 -> 
========================================================================
Received Prepare
Registering precompiled user dll's ...
Registered in 0.002867 seconds.
Begin MonoManager ReloadAssembly
Native extension for WindowsStandalone target not found
Refreshing native plugins compatible for Editor in 0.47 ms, found 2 plugins.
Preloading 0 native plugins for Editor in 0.00 ms.
Mono: successfully reloaded assembly
- Completed reload, in  1.079 seconds
Platform modules already initialized, skipping
Refreshing native plugins compatible for Editor in 0.44 ms, found 2 plugins.
Preloading 0 native plugins for Editor in 0.00 ms.
Unloading 1391 Unused Serialized files (Serialized files now loaded: 0)
System memory in use before: 70.8 MB.
System memory in use after: 70.9 MB.

Unloading 13 unused Assets to reduce memory usage. Loaded Objects now: 1936.
Total: 2.344100 ms (FindLiveObjects: 0.258300 ms CreateObjectMapping: 0.041400 ms MarkObjects: 2.023400 ms  DeleteObjects: 0.019200 ms)

AssetImportParameters requested are different than current active one (requested -> active):
  custom:framework-win-MediaFoundation: 216162199b28c13a410421893ffa2e32 -> 
  custom:video-decoder-ogg-theora: a1e56fd34408186e4bbccfd4996cb3dc -> 
  custom:container-muxer-webm: aa71ff27fc2769a1b78a27578f13a17b -> 
  custom:container-demuxer-webm: 4f35f7cbe854078d1ac9338744f61a02 -> 
  custom:container-demuxer-ogg: 62fdf1f143b41e24485cea50d1cbac27 -> 
  custom:video-encoder-webm-vp8: eb34c28f22e8b96e1ab97ce403110664 -> 
  custom:video-decoder-webm-vp8: 9c59270c3fd7afecdb556c50c9e8de78 -> 
  custom:audio-decoder-ogg-vorbis: bf7c407c2cedff20999df2af8eb42d56 -> 
  custom:audio-encoder-webm-vorbis: bf7c407c2cedff20999df2af8eb42d56 -> 
========================================================================
Received Import Request.
  Time since last request: 2988.202850 seconds.
  path: Assets/Prefabs/Hammer/hammer.prefab
  artifactKey: Guid(5031ead0e2d3e7345abe6b80a1425437) Importer(815301076,1909f56bfc062723c751e8b465ee728b)
Start importing Assets/Prefabs/Hammer/hammer.prefab using Guid(5031ead0e2d3e7345abe6b80a1425437) Importer(815301076,1909f56bfc062723c751e8b465ee728b)  -> (artifact id: '934e7fcf14c8e603d69f2a1a78cd637c') in 0.136563 seconds 
  Import took 0.161830 seconds .

========================================================================
Received Import Request.
  Time since last request: 9.471234 seconds.
  path: Assets/Prefabs/Hammer/Meshes
  artifactKey: Guid(4ec5cf5b41e71064eafa440081183542) Importer(815301076,1909f56bfc062723c751e8b465ee728b)
Start importing Assets/Prefabs/Hammer/Meshes using Guid(4ec5cf5b41e71064eafa440081183542) Importer(815301076,1909f56bfc062723c751e8b465ee728b)  -> (artifact id: '54f45882987fc588c849836042638b99') in 0.001861 seconds 
  Import took 0.004596 seconds .

========================================================================
Received Import Request.
  Time since last request: 6.543101 seconds.
  path: Assets/Prefabs/Hammer/Scripts
  artifactKey: Guid(45e5d9e04bf62a54881c84b43552467c) Importer(815301076,1909f56bfc062723c751e8b465ee728b)
Start importing Assets/Prefabs/Hammer/Scripts using Guid(45e5d9e04bf62a54881c84b43552467c) Importer(815301076,1909f56bfc062723c751e8b465ee728b)  -> (artifact id: '546dff4ba2bb8f257a4555d128279a31') in 0.001709 seconds 
  Import took 0.009622 seconds .

========================================================================
Received Prepare
Registering precompiled user dll's ...
Registered in 0.002809 seconds.
Begin MonoManager ReloadAssembly
Native extension for WindowsStandalone target not found
Refreshing native plugins compatible for Editor in 0.44 ms, found 2 plugins.
Preloading 0 native plugins for Editor in 0.00 ms.
Mono: successfully reloaded assembly
- Completed reload, in  1.135 seconds
Platform modules already initialized, skipping
Refreshing native plugins compatible for Editor in 0.61 ms, found 2 plugins.
Preloading 0 native plugins for Editor in 0.00 ms.
Unloading 1391 Unused Serialized files (Serialized files now loaded: 0)
System memory in use before: 70.8 MB.
System memory in use after: 70.9 MB.

Unloading 13 unused Assets to reduce memory usage. Loaded Objects now: 1939.
Total: 2.097200 ms (FindLiveObjects: 0.166200 ms CreateObjectMapping: 0.039200 ms MarkObjects: 1.873700 ms  DeleteObjects: 0.016800 ms)

AssetImportParameters requested are different than current active one (requested -> active):
  custom:framework-win-MediaFoundation: 216162199b28c13a410421893ffa2e32 -> 
  custom:video-decoder-ogg-theora: a1e56fd34408186e4bbccfd4996cb3dc -> 
  custom:container-muxer-webm: aa71ff27fc2769a1b78a27578f13a17b -> 
  custom:container-demuxer-webm: 4f35f7cbe854078d1ac9338744f61a02 -> 
  custom:container-demuxer-ogg: 62fdf1f143b41e24485cea50d1cbac27 -> 
  custom:video-encoder-webm-vp8: eb34c28f22e8b96e1ab97ce403110664 -> 
  custom:video-decoder-webm-vp8: 9c59270c3fd7afecdb556c50c9e8de78 -> 
  custom:audio-decoder-ogg-vorbis: bf7c407c2cedff20999df2af8eb42d56 -> 
  custom:audio-encoder-webm-vorbis: bf7c407c2cedff20999df2af8eb42d56 -> 
========================================================================
Received Prepare
Registering precompiled user dll's ...
Registered in 0.002864 seconds.
Begin MonoManager ReloadAssembly
Native extension for WindowsStandalone target not found
Refreshing native plugins compatible for Editor in 0.44 ms, found 2 plugins.
Preloading 0 native plugins for Editor in 0.00 ms.
Mono: successfully reloaded assembly
- Completed reload, in  1.113 seconds
Platform modules already initialized, skipping
Refreshing native plugins compatible for Editor in 0.43 ms, found 2 plugins.
Preloading 0 native plugins for Editor in 0.00 ms.
Unloading 1391 Unused Serialized files (Serialized files now loaded: 0)
System memory in use before: 70.8 MB.
System memory in use after: 70.9 MB.

Unloading 13 unused Assets to reduce memory usage. Loaded Objects now: 1941.
Total: 2.199200 ms (FindLiveObjects: 0.198700 ms CreateObjectMapping: 0.040100 ms MarkObjects: 1.940100 ms  DeleteObjects: 0.018800 ms)

AssetImportParameters requested are different than current active one (requested -> active):
  custom:framework-win-MediaFoundation: 216162199b28c13a410421893ffa2e32 -> 
  custom:video-decoder-ogg-theora: a1e56fd34408186e4bbccfd4996cb3dc -> 
  custom:container-muxer-webm: aa71ff27fc2769a1b78a27578f13a17b -> 
  custom:container-demuxer-webm: 4f35f7cbe854078d1ac9338744f61a02 -> 
  custom:container-demuxer-ogg: 62fdf1f143b41e24485cea50d1cbac27 -> 
  custom:video-encoder-webm-vp8: eb34c28f22e8b96e1ab97ce403110664 -> 
  custom:video-decoder-webm-vp8: 9c59270c3fd7afecdb556c50c9e8de78 -> 
  custom:audio-decoder-ogg-vorbis: bf7c407c2cedff20999df2af8eb42d56 -> 
  custom:audio-encoder-webm-vorbis: bf7c407c2cedff20999df2af8eb42d56 -> 
========================================================================
Received Import Request.
  Time since last request: 583.087995 seconds.
  path: Assets/Prefabs/Hammer/Scripts/HammerScript.cs
  artifactKey: Guid(5872007dc2ba62c45ad17f4507bd95ca) Importer(815301076,1909f56bfc062723c751e8b465ee728b)
Start importing Assets/Prefabs/Hammer/Scripts/HammerScript.cs using Guid(5872007dc2ba62c45ad17f4507bd95ca) Importer(815301076,1909f56bfc062723c751e8b465ee728b)  -> (artifact id: '1a6e11b06e74d5c58cc373412213ce5d') in 0.004522 seconds 
  Import took 0.022465 seconds .

========================================================================
Received Import Request.
  Time since last request: 69.099313 seconds.
  path: Assets/Prefabs/Hammer/Sounds
  artifactKey: Guid(1914676560443c34fae52a3a1aa6e629) Importer(815301076,1909f56bfc062723c751e8b465ee728b)
Start importing Assets/Prefabs/Hammer/Sounds using Guid(1914676560443c34fae52a3a1aa6e629) Importer(815301076,1909f56bfc062723c751e8b465ee728b)  -> (artifact id: '3f7fb3f733e7ad7c9a42d78ffe6c907c') in 0.001865 seconds 
  Import took 0.017042 seconds .

========================================================================
Received Import Request.
  Time since last request: 5.812753 seconds.
  path: Assets/Prefabs/Hammer/Sounds/hammerSound.mp3
  artifactKey: Guid(6735bc94e5340dd42a0098910d19e407) Importer(815301076,1909f56bfc062723c751e8b465ee728b)
Start importing Assets/Prefabs/Hammer/Sounds/hammerSound.mp3 using Guid(6735bc94e5340dd42a0098910d19e407) Importer(815301076,1909f56bfc062723c751e8b465ee728b)  -> (artifact id: 'c78cb16157898a5d5faca3d5b1ce5b20') in 0.114073 seconds 
  Import took 0.134132 seconds .

========================================================================
Received Prepare
Registering precompiled user dll's ...
Registered in 0.002850 seconds.
Begin MonoManager ReloadAssembly
Native extension for WindowsStandalone target not found
Refreshing native plugins compatible for Editor in 0.44 ms, found 2 plugins.
Preloading 0 native plugins for Editor in 0.00 ms.
Mono: successfully reloaded assembly
- Completed reload, in  1.093 seconds
Platform modules already initialized, skipping
Refreshing native plugins compatible for Editor in 0.44 ms, found 2 plugins.
Preloading 0 native plugins for Editor in 0.00 ms.
Unloading 1391 Unused Serialized files (Serialized files now loaded: 0)
System memory in use before: 70.9 MB.
System memory in use after: 71.0 MB.

Unloading 13 unused Assets to reduce memory usage. Loaded Objects now: 1946.
Total: 2.262100 ms (FindLiveObjects: 0.193900 ms CreateObjectMapping: 0.038400 ms MarkObjects: 2.008500 ms  DeleteObjects: 0.020100 ms)

AssetImportParameters requested are different than current active one (requested -> active):
  custom:framework-win-MediaFoundation: 216162199b28c13a410421893ffa2e32 -> 
  custom:video-decoder-ogg-theora: a1e56fd34408186e4bbccfd4996cb3dc -> 
  custom:container-muxer-webm: aa71ff27fc2769a1b78a27578f13a17b -> 
  custom:container-demuxer-webm: 4f35f7cbe854078d1ac9338744f61a02 -> 
  custom:container-demuxer-ogg: 62fdf1f143b41e24485cea50d1cbac27 -> 
  custom:video-encoder-webm-vp8: eb34c28f22e8b96e1ab97ce403110664 -> 
  custom:video-decoder-webm-vp8: 9c59270c3fd7afecdb556c50c9e8de78 -> 
  custom:audio-decoder-ogg-vorbis: bf7c407c2cedff20999df2af8eb42d56 -> 
  custom:audio-encoder-webm-vorbis: bf7c407c2cedff20999df2af8eb42d56 -> 
========================================================================
Received Prepare
Registering precompiled user dll's ...
Registered in 0.002950 seconds.
Begin MonoManager ReloadAssembly
Native extension for WindowsStandalone target not found
Refreshing native plugins compatible for Editor in 0.43 ms, found 2 plugins.
Preloading 0 native plugins for Editor in 0.00 ms.
Mono: successfully reloaded assembly
- Completed reload, in  1.078 seconds
Platform modules already initialized, skipping
Refreshing native plugins compatible for Editor in 0.54 ms, found 2 plugins.
Preloading 0 native plugins for Editor in 0.00 ms.
Unloading 1391 Unused Serialized files (Serialized files now loaded: 0)
System memory in use before: 70.9 MB.
System memory in use after: 71.0 MB.

Unloading 13 unused Assets to reduce memory usage. Loaded Objects now: 1948.
Total: 2.419800 ms (FindLiveObjects: 0.196600 ms CreateObjectMapping: 0.050200 ms MarkObjects: 2.151200 ms  DeleteObjects: 0.020300 ms)

AssetImportParameters requested are different than current active one (requested -> active):
  custom:framework-win-MediaFoundation: 216162199b28c13a410421893ffa2e32 -> 
  custom:video-decoder-ogg-theora: a1e56fd34408186e4bbccfd4996cb3dc -> 
  custom:container-muxer-webm: aa71ff27fc2769a1b78a27578f13a17b -> 
  custom:container-demuxer-webm: 4f35f7cbe854078d1ac9338744f61a02 -> 
  custom:container-demuxer-ogg: 62fdf1f143b41e24485cea50d1cbac27 -> 
  custom:video-encoder-webm-vp8: eb34c28f22e8b96e1ab97ce403110664 -> 
  custom:video-decoder-webm-vp8: 9c59270c3fd7afecdb556c50c9e8de78 -> 
  custom:audio-decoder-ogg-vorbis: bf7c407c2cedff20999df2af8eb42d56 -> 
  custom:audio-encoder-webm-vorbis: bf7c407c2cedff20999df2af8eb42d56 -> 
========================================================================
Received Prepare
Registering precompiled user dll's ...
Registered in 0.002797 seconds.
Begin MonoManager ReloadAssembly
Native extension for WindowsStandalone target not found
Refreshing native plugins compatible for Editor in 0.44 ms, found 2 plugins.
Preloading 0 native plugins for Editor in 0.00 ms.
Mono: successfully reloaded assembly
- Completed reload, in  1.102 seconds
Platform modules already initialized, skipping
Refreshing native plugins compatible for Editor in 0.43 ms, found 2 plugins.
Preloading 0 native plugins for Editor in 0.00 ms.
Unloading 1391 Unused Serialized files (Serialized files now loaded: 0)
System memory in use before: 70.9 MB.
System memory in use after: 71.0 MB.

Unloading 13 unused Assets to reduce memory usage. Loaded Objects now: 1950.
Total: 2.107900 ms (FindLiveObjects: 0.197300 ms CreateObjectMapping: 0.046100 ms MarkObjects: 1.847200 ms  DeleteObjects: 0.016100 ms)

AssetImportParameters requested are different than current active one (requested -> active):
  custom:framework-win-MediaFoundation: 216162199b28c13a410421893ffa2e32 -> 
  custom:video-decoder-ogg-theora: a1e56fd34408186e4bbccfd4996cb3dc -> 
  custom:container-muxer-webm: aa71ff27fc2769a1b78a27578f13a17b -> 
  custom:container-demuxer-webm: 4f35f7cbe854078d1ac9338744f61a02 -> 
  custom:container-demuxer-ogg: 62fdf1f143b41e24485cea50d1cbac27 -> 
  custom:video-encoder-webm-vp8: eb34c28f22e8b96e1ab97ce403110664 -> 
  custom:video-decoder-webm-vp8: 9c59270c3fd7afecdb556c50c9e8de78 -> 
  custom:audio-decoder-ogg-vorbis: bf7c407c2cedff20999df2af8eb42d56 -> 
  custom:audio-encoder-webm-vorbis: bf7c407c2cedff20999df2af8eb42d56 -> 
========================================================================
Received Prepare
Registering precompiled user dll's ...
Registered in 0.002799 seconds.
Begin MonoManager ReloadAssembly
Native extension for WindowsStandalone target not found
Refreshing native plugins compatible for Editor in 0.46 ms, found 2 plugins.
Preloading 0 native plugins for Editor in 0.00 ms.
Mono: successfully reloaded assembly
- Completed reload, in  1.156 seconds
Platform modules already initialized, skipping
Refreshing native plugins compatible for Editor in 0.42 ms, found 2 plugins.
Preloading 0 native plugins for Editor in 0.00 ms.
Unloading 1391 Unused Serialized files (Serialized files now loaded: 0)
System memory in use before: 70.9 MB.
System memory in use after: 71.0 MB.

Unloading 13 unused Assets to reduce memory usage. Loaded Objects now: 1952.
Total: 2.316500 ms (FindLiveObjects: 0.187600 ms CreateObjectMapping: 0.037700 ms MarkObjects: 2.061500 ms  DeleteObjects: 0.028600 ms)

AssetImportParameters requested are different than current active one (requested -> active):
  custom:framework-win-MediaFoundation: 216162199b28c13a410421893ffa2e32 -> 
  custom:video-decoder-ogg-theora: a1e56fd34408186e4bbccfd4996cb3dc -> 
  custom:container-muxer-webm: aa71ff27fc2769a1b78a27578f13a17b -> 
  custom:container-demuxer-webm: 4f35f7cbe854078d1ac9338744f61a02 -> 
  custom:container-demuxer-ogg: 62fdf1f143b41e24485cea50d1cbac27 -> 
  custom:video-encoder-webm-vp8: eb34c28f22e8b96e1ab97ce403110664 -> 
  custom:video-decoder-webm-vp8: 9c59270c3fd7afecdb556c50c9e8de78 -> 
  custom:audio-decoder-ogg-vorbis: bf7c407c2cedff20999df2af8eb42d56 -> 
  custom:audio-encoder-webm-vorbis: bf7c407c2cedff20999df2af8eb42d56 -> 
========================================================================
Received Prepare
Registering precompiled user dll's ...
Registered in 0.002947 seconds.
Begin MonoManager ReloadAssembly
Native extension for WindowsStandalone target not found
Refreshing native plugins compatible for Editor in 0.50 ms, found 2 plugins.
Preloading 0 native plugins for Editor in 0.00 ms.
Mono: successfully reloaded assembly
- Completed reload, in  1.119 seconds
Platform modules already initialized, skipping
Refreshing native plugins compatible for Editor in 0.45 ms, found 2 plugins.
Preloading 0 native plugins for Editor in 0.00 ms.
Unloading 1391 Unused Serialized files (Serialized files now loaded: 0)
System memory in use before: 70.9 MB.
System memory in use after: 71.0 MB.

Unloading 13 unused Assets to reduce memory usage. Loaded Objects now: 1954.
Total: 2.515600 ms (FindLiveObjects: 0.280800 ms CreateObjectMapping: 0.052300 ms MarkObjects: 2.157200 ms  DeleteObjects: 0.023500 ms)

AssetImportParameters requested are different than current active one (requested -> active):
  custom:framework-win-MediaFoundation: 216162199b28c13a410421893ffa2e32 -> 
  custom:video-decoder-ogg-theora: a1e56fd34408186e4bbccfd4996cb3dc -> 
  custom:container-muxer-webm: aa71ff27fc2769a1b78a27578f13a17b -> 
  custom:container-demuxer-webm: 4f35f7cbe854078d1ac9338744f61a02 -> 
  custom:container-demuxer-ogg: 62fdf1f143b41e24485cea50d1cbac27 -> 
  custom:video-encoder-webm-vp8: eb34c28f22e8b96e1ab97ce403110664 -> 
  custom:video-decoder-webm-vp8: 9c59270c3fd7afecdb556c50c9e8de78 -> 
  custom:audio-decoder-ogg-vorbis: bf7c407c2cedff20999df2af8eb42d56 -> 
  custom:audio-encoder-webm-vorbis: bf7c407c2cedff20999df2af8eb42d56 -> 
========================================================================
Received Prepare
Registering precompiled user dll's ...
Registered in 0.002784 seconds.
Begin MonoManager ReloadAssembly
Native extension for WindowsStandalone target not found
Refreshing native plugins compatible for Editor in 0.48 ms, found 2 plugins.
Preloading 0 native plugins for Editor in 0.00 ms.
Mono: successfully reloaded assembly
- Completed reload, in  1.078 seconds
Platform modules already initialized, skipping
Refreshing native plugins compatible for Editor in 0.43 ms, found 2 plugins.
Preloading 0 native plugins for Editor in 0.00 ms.
Unloading 1391 Unused Serialized files (Serialized files now loaded: 0)
System memory in use before: 70.9 MB.
System memory in use after: 71.0 MB.

Unloading 13 unused Assets to reduce memory usage. Loaded Objects now: 1956.
Total: 2.219800 ms (FindLiveObjects: 0.179700 ms CreateObjectMapping: 0.040400 ms MarkObjects: 1.981900 ms  DeleteObjects: 0.016400 ms)

AssetImportParameters requested are different than current active one (requested -> active):
  custom:framework-win-MediaFoundation: 216162199b28c13a410421893ffa2e32 -> 
  custom:video-decoder-ogg-theora: a1e56fd34408186e4bbccfd4996cb3dc -> 
  custom:container-muxer-webm: aa71ff27fc2769a1b78a27578f13a17b -> 
  custom:container-demuxer-webm: 4f35f7cbe854078d1ac9338744f61a02 -> 
  custom:container-demuxer-ogg: 62fdf1f143b41e24485cea50d1cbac27 -> 
  custom:video-encoder-webm-vp8: eb34c28f22e8b96e1ab97ce403110664 -> 
  custom:video-decoder-webm-vp8: 9c59270c3fd7afecdb556c50c9e8de78 -> 
  custom:audio-decoder-ogg-vorbis: bf7c407c2cedff20999df2af8eb42d56 -> 
  custom:audio-encoder-webm-vorbis: bf7c407c2cedff20999df2af8eb42d56 -> 
========================================================================
Received Import Request.
  Time since last request: 294.264129 seconds.
  path: Assets/Prefabs/Hammer/hammer.prefab
  artifactKey: Guid(5031ead0e2d3e7345abe6b80a1425437) Importer(815301076,1909f56bfc062723c751e8b465ee728b)
Start importing Assets/Prefabs/Hammer/hammer.prefab using Guid(5031ead0e2d3e7345abe6b80a1425437) Importer(815301076,1909f56bfc062723c751e8b465ee728b)  -> (artifact id: '26aab0ed27e758263a0e6b3d25ceb381') in 0.091261 seconds 
  Import took 0.107878 seconds .

========================================================================
Received Import Request.
  Time since last request: 12.947149 seconds.
  path: Assets/Prefabs/Hammer/hammer.prefab
  artifactKey: Guid(5031ead0e2d3e7345abe6b80a1425437) Importer(815301076,1909f56bfc062723c751e8b465ee728b)
Start importing Assets/Prefabs/Hammer/hammer.prefab using Guid(5031ead0e2d3e7345abe6b80a1425437) Importer(815301076,1909f56bfc062723c751e8b465ee728b)  -> (artifact id: 'a751577479b24f4d62914339a41b10c4') in 0.011869 seconds 
  Import took 0.037929 seconds .

========================================================================
Received Prepare
Registering precompiled user dll's ...
Registered in 0.003003 seconds.
Begin MonoManager ReloadAssembly
Native extension for WindowsStandalone target not found
Refreshing native plugins compatible for Editor in 0.44 ms, found 2 plugins.
Preloading 0 native plugins for Editor in 0.00 ms.
Mono: successfully reloaded assembly
- Completed reload, in  1.110 seconds
Platform modules already initialized, skipping
Refreshing native plugins compatible for Editor in 0.48 ms, found 2 plugins.
Preloading 0 native plugins for Editor in 0.00 ms.
Unloading 1391 Unused Serialized files (Serialized files now loaded: 0)
System memory in use before: 70.9 MB.
System memory in use after: 71.0 MB.

Unloading 13 unused Assets to reduce memory usage. Loaded Objects now: 1959.
Total: 2.142700 ms (FindLiveObjects: 0.184500 ms CreateObjectMapping: 0.049800 ms MarkObjects: 1.888900 ms  DeleteObjects: 0.018100 ms)

AssetImportParameters requested are different than current active one (requested -> active):
  custom:framework-win-MediaFoundation: 216162199b28c13a410421893ffa2e32 -> 
  custom:video-decoder-ogg-theora: a1e56fd34408186e4bbccfd4996cb3dc -> 
  custom:container-muxer-webm: aa71ff27fc2769a1b78a27578f13a17b -> 
  custom:container-demuxer-webm: 4f35f7cbe854078d1ac9338744f61a02 -> 
  custom:container-demuxer-ogg: 62fdf1f143b41e24485cea50d1cbac27 -> 
  custom:video-encoder-webm-vp8: eb34c28f22e8b96e1ab97ce403110664 -> 
  custom:video-decoder-webm-vp8: 9c59270c3fd7afecdb556c50c9e8de78 -> 
  custom:audio-decoder-ogg-vorbis: bf7c407c2cedff20999df2af8eb42d56 -> 
  custom:audio-encoder-webm-vorbis: bf7c407c2cedff20999df2af8eb42d56 -> 
========================================================================
Received Prepare
Registering precompiled user dll's ...
Registered in 0.002946 seconds.
Begin MonoManager ReloadAssembly
Native extension for WindowsStandalone target not found
Refreshing native plugins compatible for Editor in 0.44 ms, found 2 plugins.
Preloading 0 native plugins for Editor in 0.00 ms.
Mono: successfully reloaded assembly
- Completed reload, in  1.104 seconds
Platform modules already initialized, skipping
Refreshing native plugins compatible for Editor in 0.48 ms, found 2 plugins.
Preloading 0 native plugins for Editor in 0.00 ms.
Unloading 1391 Unused Serialized files (Serialized files now loaded: 0)
System memory in use before: 70.9 MB.
System memory in use after: 71.0 MB.

Unloading 13 unused Assets to reduce memory usage. Loaded Objects now: 1961.
Total: 2.386300 ms (FindLiveObjects: 0.196000 ms CreateObjectMapping: 0.047600 ms MarkObjects: 2.119800 ms  DeleteObjects: 0.021500 ms)

AssetImportParameters requested are different than current active one (requested -> active):
  custom:framework-win-MediaFoundation: 216162199b28c13a410421893ffa2e32 -> 
  custom:video-decoder-ogg-theora: a1e56fd34408186e4bbccfd4996cb3dc -> 
  custom:container-muxer-webm: aa71ff27fc2769a1b78a27578f13a17b -> 
  custom:container-demuxer-webm: 4f35f7cbe854078d1ac9338744f61a02 -> 
  custom:container-demuxer-ogg: 62fdf1f143b41e24485cea50d1cbac27 -> 
  custom:video-encoder-webm-vp8: eb34c28f22e8b96e1ab97ce403110664 -> 
  custom:video-decoder-webm-vp8: 9c59270c3fd7afecdb556c50c9e8de78 -> 
  custom:audio-decoder-ogg-vorbis: bf7c407c2cedff20999df2af8eb42d56 -> 
  custom:audio-encoder-webm-vorbis: bf7c407c2cedff20999df2af8eb42d56 -> 
========================================================================
Received Prepare
Registering precompiled user dll's ...
Registered in 0.002829 seconds.
Begin MonoManager ReloadAssembly
Native extension for WindowsStandalone target not found
Refreshing native plugins compatible for Editor in 0.44 ms, found 2 plugins.
Preloading 0 native plugins for Editor in 0.00 ms.
Mono: successfully reloaded assembly
- Completed reload, in  1.093 seconds
Platform modules already initialized, skipping
Refreshing native plugins compatible for Editor in 0.44 ms, found 2 plugins.
Preloading 0 native plugins for Editor in 0.00 ms.
Unloading 1391 Unused Serialized files (Serialized files now loaded: 0)
System memory in use before: 70.9 MB.
System memory in use after: 71.0 MB.

Unloading 13 unused Assets to reduce memory usage. Loaded Objects now: 1963.
Total: 2.209800 ms (FindLiveObjects: 0.173700 ms CreateObjectMapping: 0.039400 ms MarkObjects: 1.976300 ms  DeleteObjects: 0.019000 ms)

AssetImportParameters requested are different than current active one (requested -> active):
  custom:framework-win-MediaFoundation: 216162199b28c13a410421893ffa2e32 -> 
  custom:video-decoder-ogg-theora: a1e56fd34408186e4bbccfd4996cb3dc -> 
  custom:container-muxer-webm: aa71ff27fc2769a1b78a27578f13a17b -> 
  custom:container-demuxer-webm: 4f35f7cbe854078d1ac9338744f61a02 -> 
  custom:container-demuxer-ogg: 62fdf1f143b41e24485cea50d1cbac27 -> 
  custom:video-encoder-webm-vp8: eb34c28f22e8b96e1ab97ce403110664 -> 
  custom:video-decoder-webm-vp8: 9c59270c3fd7afecdb556c50c9e8de78 -> 
  custom:audio-decoder-ogg-vorbis: bf7c407c2cedff20999df2af8eb42d56 -> 
  custom:audio-encoder-webm-vorbis: bf7c407c2cedff20999df2af8eb42d56 -> 
========================================================================
Received Prepare
Registering precompiled user dll's ...
Registered in 0.002866 seconds.
Begin MonoManager ReloadAssembly
Native extension for WindowsStandalone target not found
Refreshing native plugins compatible for Editor in 0.65 ms, found 2 plugins.
Preloading 0 native plugins for Editor in 0.00 ms.
Mono: successfully reloaded assembly
- Completed reload, in  1.132 seconds
Platform modules already initialized, skipping
Refreshing native plugins compatible for Editor in 0.43 ms, found 2 plugins.
Preloading 0 native plugins for Editor in 0.00 ms.
Unloading 1391 Unused Serialized files (Serialized files now loaded: 0)
System memory in use before: 70.9 MB.
System memory in use after: 71.0 MB.

Unloading 13 unused Assets to reduce memory usage. Loaded Objects now: 1965.
Total: 2.297700 ms (FindLiveObjects: 0.188700 ms CreateObjectMapping: 0.041500 ms MarkObjects: 2.045500 ms  DeleteObjects: 0.020300 ms)

AssetImportParameters requested are different than current active one (requested -> active):
  custom:framework-win-MediaFoundation: 216162199b28c13a410421893ffa2e32 -> 
  custom:video-decoder-ogg-theora: a1e56fd34408186e4bbccfd4996cb3dc -> 
  custom:container-muxer-webm: aa71ff27fc2769a1b78a27578f13a17b -> 
  custom:container-demuxer-webm: 4f35f7cbe854078d1ac9338744f61a02 -> 
  custom:container-demuxer-ogg: 62fdf1f143b41e24485cea50d1cbac27 -> 
  custom:video-encoder-webm-vp8: eb34c28f22e8b96e1ab97ce403110664 -> 
  custom:video-decoder-webm-vp8: 9c59270c3fd7afecdb556c50c9e8de78 -> 
  custom:audio-decoder-ogg-vorbis: bf7c407c2cedff20999df2af8eb42d56 -> 
  custom:audio-encoder-webm-vorbis: bf7c407c2cedff20999df2af8eb42d56 -> 
========================================================================
Received Prepare
Registering precompiled user dll's ...
Registered in 0.002755 seconds.
Begin MonoManager ReloadAssembly
Native extension for WindowsStandalone target not found
Refreshing native plugins compatible for Editor in 0.57 ms, found 2 plugins.
Preloading 0 native plugins for Editor in 0.00 ms.
Mono: successfully reloaded assembly
- Completed reload, in  1.155 seconds
Platform modules already initialized, skipping
Refreshing native plugins compatible for Editor in 0.61 ms, found 2 plugins.
Preloading 0 native plugins for Editor in 0.00 ms.
Unloading 1391 Unused Serialized files (Serialized files now loaded: 0)
System memory in use before: 70.9 MB.
System memory in use after: 71.0 MB.

Unloading 13 unused Assets to reduce memory usage. Loaded Objects now: 1967.
Total: 2.227700 ms (FindLiveObjects: 0.206700 ms CreateObjectMapping: 0.039900 ms MarkObjects: 1.960600 ms  DeleteObjects: 0.019000 ms)

AssetImportParameters requested are different than current active one (requested -> active):
  custom:framework-win-MediaFoundation: 216162199b28c13a410421893ffa2e32 -> 
  custom:video-decoder-ogg-theora: a1e56fd34408186e4bbccfd4996cb3dc -> 
  custom:container-muxer-webm: aa71ff27fc2769a1b78a27578f13a17b -> 
  custom:container-demuxer-webm: 4f35f7cbe854078d1ac9338744f61a02 -> 
  custom:container-demuxer-ogg: 62fdf1f143b41e24485cea50d1cbac27 -> 
  custom:video-encoder-webm-vp8: eb34c28f22e8b96e1ab97ce403110664 -> 
  custom:video-decoder-webm-vp8: 9c59270c3fd7afecdb556c50c9e8de78 -> 
  custom:audio-decoder-ogg-vorbis: bf7c407c2cedff20999df2af8eb42d56 -> 
  custom:audio-encoder-webm-vorbis: bf7c407c2cedff20999df2af8eb42d56 -> 
========================================================================
Received Prepare
Registering precompiled user dll's ...
Registered in 0.002950 seconds.
Begin MonoManager ReloadAssembly
Native extension for WindowsStandalone target not found
Refreshing native plugins compatible for Editor in 0.46 ms, found 2 plugins.
Preloading 0 native plugins for Editor in 0.00 ms.
Mono: successfully reloaded assembly
- Completed reload, in  1.109 seconds
Platform modules already initialized, skipping
Refreshing native plugins compatible for Editor in 0.42 ms, found 2 plugins.
Preloading 0 native plugins for Editor in 0.00 ms.
Unloading 1391 Unused Serialized files (Serialized files now loaded: 0)
System memory in use before: 70.9 MB.
System memory in use after: 71.1 MB.

Unloading 13 unused Assets to reduce memory usage. Loaded Objects now: 1969.
Total: 2.281700 ms (FindLiveObjects: 0.207500 ms CreateObjectMapping: 0.045400 ms MarkObjects: 2.006200 ms  DeleteObjects: 0.021400 ms)

AssetImportParameters requested are different than current active one (requested -> active):
  custom:framework-win-MediaFoundation: 216162199b28c13a410421893ffa2e32 -> 
  custom:video-decoder-ogg-theora: a1e56fd34408186e4bbccfd4996cb3dc -> 
  custom:container-muxer-webm: aa71ff27fc2769a1b78a27578f13a17b -> 
  custom:container-demuxer-webm: 4f35f7cbe854078d1ac9338744f61a02 -> 
  custom:container-demuxer-ogg: 62fdf1f143b41e24485cea50d1cbac27 -> 
  custom:video-encoder-webm-vp8: eb34c28f22e8b96e1ab97ce403110664 -> 
  custom:video-decoder-webm-vp8: 9c59270c3fd7afecdb556c50c9e8de78 -> 
  custom:audio-decoder-ogg-vorbis: bf7c407c2cedff20999df2af8eb42d56 -> 
  custom:audio-encoder-webm-vorbis: bf7c407c2cedff20999df2af8eb42d56 -> 
========================================================================
Received Prepare
Registering precompiled user dll's ...
Registered in 0.003279 seconds.
Begin MonoManager ReloadAssembly
Native extension for WindowsStandalone target not found
Refreshing native plugins compatible for Editor in 0.49 ms, found 2 plugins.
Preloading 0 native plugins for Editor in 0.00 ms.
Mono: successfully reloaded assembly
- Completed reload, in  1.515 seconds
Platform modules already initialized, skipping
Refreshing native plugins compatible for Editor in 0.63 ms, found 2 plugins.
Preloading 0 native plugins for Editor in 0.00 ms.
Unloading 1391 Unused Serialized files (Serialized files now loaded: 0)
System memory in use before: 70.9 MB.
System memory in use after: 71.1 MB.

Unloading 13 unused Assets to reduce memory usage. Loaded Objects now: 1971.
Total: 2.719900 ms (FindLiveObjects: 0.280900 ms CreateObjectMapping: 0.052100 ms MarkObjects: 2.365400 ms  DeleteObjects: 0.020200 ms)

AssetImportParameters requested are different than current active one (requested -> active):
  custom:framework-win-MediaFoundation: 216162199b28c13a410421893ffa2e32 -> 
  custom:video-decoder-ogg-theora: a1e56fd34408186e4bbccfd4996cb3dc -> 
  custom:container-muxer-webm: aa71ff27fc2769a1b78a27578f13a17b -> 
  custom:container-demuxer-webm: 4f35f7cbe854078d1ac9338744f61a02 -> 
  custom:container-demuxer-ogg: 62fdf1f143b41e24485cea50d1cbac27 -> 
  custom:video-encoder-webm-vp8: eb34c28f22e8b96e1ab97ce403110664 -> 
  custom:video-decoder-webm-vp8: 9c59270c3fd7afecdb556c50c9e8de78 -> 
  custom:audio-decoder-ogg-vorbis: bf7c407c2cedff20999df2af8eb42d56 -> 
  custom:audio-encoder-webm-vorbis: bf7c407c2cedff20999df2af8eb42d56 -> 
AssetImportWorkerClient::OnTransportError - code=2 error=End of file
